INFO: [SIM 2] *************** CSIM start ***************
INFO: [SIM 4] CSIM will launch GCC as the compiler.
   Compiling(apcc) ../../../src/aes256cbc_tb.c in debug mode
awk: symbol lookup error: awk: undefined symbol: mpfr_z_sub
INFO: [HLS 200-10] Running '/opt/Xilinx/Vivado_HLS/2016.4/bin/unwrapped/lnx64.o/apcc'
INFO: [HLS 200-10] For user 'brett' on host 'wintermute.thayer.dartmouth.edu' (Linux_x86_64 version 4.4.0-78-generic) on Sat Jun 03 11:37:27 EDT 2017
INFO: [HLS 200-10] On os Ubuntu 16.04.2 LTS
INFO: [HLS 200-10] In directory '/home/brett/Thesis/Vivado_WS/aes256cbc/solution1/csim/build'
../../../src/aes256cbc_tb.c:104:26: warning: passing 'uint8_t *' (aka 'unsigned char *') to parameter of type 'const char *' converts between pointers to integer types with different sign [-Wpointer-sign]
        strncpy(openSSL_result, &(vRAM[32]), 32);
                                ^~~~~~~~~~~
/usr/include/string.h:129:32: note: passing argument to parameter '__src' here
                      const char *__restrict __src, size_t __n)
                                             ^
1 warning generated.
../../../src/aes256cbc_tb.c:104:26: warning: passing 'uint8_t *' (aka 'unsigned char *') to parameter of type 'const char *' converts between pointers to integer types with different sign [-Wpointer-sign]
        strncpy(openSSL_result, &(vRAM[32]), 32);
                                ^~~~~~~~~~~
/usr/include/string.h:129:32: note: passing argument to parameter '__src' here
                      const char *__restrict __src, size_t __n)
                                             ^
1 warning generated.
INFO: [APCC 202-3] Tmp directory is /tmp/apcc_db_brett/129701496504247870818
INFO: [APCC 202-1] APCC is done.
   Compiling(apcc) ../../../src/aes256ecb.c in debug mode
awk: symbol lookup error: awk: undefined symbol: mpfr_z_sub
INFO: [HLS 200-10] Running '/opt/Xilinx/Vivado_HLS/2016.4/bin/unwrapped/lnx64.o/apcc'
INFO: [HLS 200-10] For user 'brett' on host 'wintermute.thayer.dartmouth.edu' (Linux_x86_64 version 4.4.0-78-generic) on Sat Jun 03 11:37:29 EDT 2017
INFO: [HLS 200-10] On os Ubuntu 16.04.2 LTS
INFO: [HLS 200-10] In directory '/home/brett/Thesis/Vivado_WS/aes256cbc/solution1/csim/build'
INFO: [APCC 202-3] Tmp directory is /tmp/apcc_db_brett/130251496504249257564
INFO: [APCC 202-1] APCC is done.
   Compiling(apcc) ../../../src/aes256cbc.c in debug mode
awk: symbol lookup error: awk: undefined symbol: mpfr_z_sub
INFO: [HLS 200-10] Running '/opt/Xilinx/Vivado_HLS/2016.4/bin/unwrapped/lnx64.o/apcc'
INFO: [HLS 200-10] For user 'brett' on host 'wintermute.thayer.dartmouth.edu' (Linux_x86_64 version 4.4.0-78-generic) on Sat Jun 03 11:37:30 EDT 2017
INFO: [HLS 200-10] On os Ubuntu 16.04.2 LTS
INFO: [HLS 200-10] In directory '/home/brett/Thesis/Vivado_WS/aes256cbc/solution1/csim/build'
INFO: [APCC 202-3] Tmp directory is /tmp/apcc_db_brett/130791496504250829067
INFO: [APCC 202-1] APCC is done.
   Generating csim.exe
TEXT  :
54 68 65 20 51 75 69 63 6B 20 42 72 6F 77 6E 20 
46 6F 78 20 4A 75 6D 70 65 64 20 4F 76 65 72 20 
TRUTH :
A8 87 01 E4 43 4F 59 00 9F F8 9A 40 29 98 49 57 
99 29 0C 6C B1 B1 6D 1A 8B 0A F7 AF 2D 96 7E F1 
DUTENC:
A8 87 01 E4 43 4F 59 00 9F F8 9A 40 29 98 49 57 
99 29 0C 6C B1 B1 6D 1A 8B 0A F7 AF 2D 96 7E F1 
DUTDEC:
54 68 65 20 51 75 69 63 6B 20 42 72 6F 77 6E 20 
46 6F 78 20 4A 75 6D 70 65 64 20 4F 76 65 72 20 
INFO: [SIM 1] CSim done with 0 errors.
INFO: [SIM 3] *************** CSIM finish ***************
