

================================================================
== Vivado HLS Report for 'aes_mixColumns_inv'
================================================================
* Date:           Thu Jun  8 07:23:50 2017

* Version:        2016.4 (Build 1756540 on Mon Jan 23 19:31:01 MST 2017)
* Project:        aescbc
* Solution:       solution1
* Product family: zynq
* Target device:  xc7z020clg484-1


================================================================
== Performance Estimates
================================================================
+ Timing (ns): 
    * Summary: 
    +--------+-------+----------+------------+
    |  Clock | Target| Estimated| Uncertainty|
    +--------+-------+----------+------------+
    |ap_clk  |   8.00|      5.48|        1.00|
    +--------+-------+----------+------------+

+ Latency (clock cycles): 
    * Summary: 
    +-----+-----+-----+-----+---------+
    |  Latency  |  Interval | Pipeline|
    | min | max | min | max |   Type  |
    +-----+-----+-----+-----+---------+
    |   25|   25|   25|   25|   none  |
    +-----+-----+-----+-----+---------+

    + Detail: 
        * Instance: 
        N/A

        * Loop: 
        +----------+-----+-----+----------+-----------+-----------+------+----------+
        |          |  Latency  | Iteration|  Initiation Interval  | Trip |          |
        | Loop Name| min | max |  Latency |  achieved |   target  | Count| Pipelined|
        +----------+-----+-----+----------+-----------+-----------+------+----------+
        |- Loop 1  |   24|   24|         6|          -|          -|     4|    no    |
        +----------+-----+-----+----------+-----------+-----------+------+----------+



================================================================
== Utilization Estimates
================================================================
* Summary: 
+-----------------+---------+-------+--------+-------+
|       Name      | BRAM_18K| DSP48E|   FF   |  LUT  |
+-----------------+---------+-------+--------+-------+
|DSP              |        -|      -|       -|      -|
|Expression       |        -|      -|       0|    330|
|FIFO             |        -|      -|       -|      -|
|Instance         |        -|      -|       -|      -|
|Memory           |        -|      -|       -|      -|
|Multiplexer      |        -|      -|       -|     31|
|Register         |        -|      -|     121|      -|
+-----------------+---------+-------+--------+-------+
|Total            |        0|      0|     121|    361|
+-----------------+---------+-------+--------+-------+
|Available        |      280|    220|  106400|  53200|
+-----------------+---------+-------+--------+-------+
|Utilization (%)  |        0|      0|   ~0   |   ~0  |
+-----------------+---------+-------+--------+-------+

+ Detail: 
    * Instance: 
    N/A

    * DSP48: 
    N/A

    * Memory: 
    N/A

    * FIFO: 
    N/A

    * Expression: 
    +----------------------+----------+-------+---+----+------------+------------+
    |     Variable Name    | Operation| DSP48E| FF| LUT| Bitwidth P0| Bitwidth P1|
    +----------------------+----------+-------+---+----+------------+------------+
    |i_27_fu_108_p2        |     +    |      0|  0|   5|           3|           5|
    |tmp_28_fu_97_p2       |    or    |      0|  0|   7|           4|           1|
    |tmp_30_fu_114_p2      |    or    |      0|  0|   7|           4|           2|
    |tmp_32_fu_124_p2      |    or    |      0|  0|   7|           4|           2|
    |y_10_fu_305_p3        |  select  |      0|  0|   8|           1|           8|
    |y_12_fu_336_p3        |  select  |      0|  0|   8|           1|           8|
    |y_14_fu_379_p3        |  select  |      0|  0|   8|           1|           8|
    |y_16_fu_422_p3        |  select  |      0|  0|   8|           1|           8|
    |y_18_fu_465_p3        |  select  |      0|  0|   8|           1|           8|
    |y_19_fu_170_p3        |  select  |      0|  0|   8|           1|           8|
    |y_4_fu_207_p3         |  select  |      0|  0|   8|           1|           8|
    |y_6_fu_235_p3         |  select  |      0|  0|   8|           1|           8|
    |y_8_fu_277_p3         |  select  |      0|  0|   8|           1|           8|
    |e_fu_144_p2           |    xor   |      0|  0|   8|           8|           8|
    |tmp1_fu_138_p2        |    xor   |      0|  0|   8|           8|           8|
    |tmp2_fu_178_p2        |    xor   |      0|  0|   8|           8|           8|
    |tmp3_fu_248_p2        |    xor   |      0|  0|   8|           8|           8|
    |tmp4_fu_344_p2        |    xor   |      0|  0|   8|           8|           8|
    |tmp5_fu_387_p2        |    xor   |      0|  0|   8|           8|           8|
    |tmp6_fu_430_p2        |    xor   |      0|  0|   8|           8|           8|
    |tmp7_fu_473_p2        |    xor   |      0|  0|   8|           8|           8|
    |tmp_1_i1_fu_201_p2    |    xor   |      0|  0|   8|           8|           5|
    |tmp_1_i2_fu_229_p2    |    xor   |      0|  0|   8|           8|           5|
    |tmp_1_i3_fu_271_p2    |    xor   |      0|  0|   8|           8|           5|
    |tmp_1_i4_fu_299_p2    |    xor   |      0|  0|   8|           8|           5|
    |tmp_1_i5_fu_330_p2    |    xor   |      0|  0|   8|           8|           5|
    |tmp_1_i6_fu_373_p2    |    xor   |      0|  0|   8|           8|           5|
    |tmp_1_i7_fu_416_p2    |    xor   |      0|  0|   8|           8|           5|
    |tmp_1_i8_fu_459_p2    |    xor   |      0|  0|   8|           8|           5|
    |tmp_1_i_fu_164_p2     |    xor   |      0|  0|   8|           8|           5|
    |tmp_34_fu_350_p2      |    xor   |      0|  0|   8|           8|           8|
    |tmp_35_fu_393_p2      |    xor   |      0|  0|   8|           8|           8|
    |tmp_36_fu_436_p2      |    xor   |      0|  0|   8|           8|           8|
    |tmp_37_fu_479_p2      |    xor   |      0|  0|   8|           8|           8|
    |x_assign_1_fu_182_p2  |    xor   |      0|  0|   8|           8|           8|
    |x_assign_3_fu_252_p2  |    xor   |      0|  0|   8|           8|           8|
    |x_assign_5_fu_134_p2  |    xor   |      0|  0|   8|           8|           8|
    |x_assign_6_fu_355_p2  |    xor   |      0|  0|   8|           8|           8|
    |x_assign_7_fu_398_p2  |    xor   |      0|  0|   8|           8|           8|
    |x_assign_8_fu_441_p2  |    xor   |      0|  0|   8|           8|           8|
    |x_fu_243_p2           |    xor   |      0|  0|   8|           8|           8|
    |y_fu_313_p2           |    xor   |      0|  0|   8|           8|           8|
    +----------------------+----------+-------+---+----+------------+------------+
    |Total                 |          |      0|  0| 330|         256|         287|
    +----------------------+----------+-------+---+----+------------+------------+

    * Multiplexer: 
    +----------------+----+-----------+-----+-----------+
    |      Name      | LUT| Input Size| Bits| Total Bits|
    +----------------+----+-----------+-----+-----------+
    |ap_NS_fsm       |   2|          8|    1|          8|
    |buf_r_address0  |   4|          5|    4|         20|
    |buf_r_address1  |   4|          5|    4|         20|
    |buf_r_d0        |   8|          3|    8|         24|
    |buf_r_d1        |   8|          3|    8|         24|
    |i_reg_69        |   5|          2|    5|         10|
    +----------------+----+-----------+-----+-----------+
    |Total           |  31|         26|   30|        106|
    +----------------+----+-----------+-----+-----------+

    * Register: 
    +---------------------+---+----+-----+-----------+
    |         Name        | FF| LUT| Bits| Const Bits|
    +---------------------+---+----+-----+-----------+
    |a_reg_508            |  8|   0|    8|          0|
    |ap_CS_fsm            |  7|   0|    7|          0|
    |b_reg_516            |  8|   0|    8|          0|
    |buf_addr_10_reg_529  |  2|   0|    4|          2|
    |buf_addr_8_reg_498   |  3|   0|    4|          1|
    |buf_addr_9_reg_524   |  3|   0|    4|          1|
    |buf_addr_reg_487     |  4|   0|    4|          0|
    |c_reg_534            |  8|   0|    8|          0|
    |d_reg_542            |  8|   0|    8|          0|
    |e_reg_556            |  8|   0|    8|          0|
    |i_27_reg_503         |  5|   0|    5|          0|
    |i_reg_69             |  5|   0|    5|          0|
    |tmp_1_reg_492        |  4|   0|    4|          0|
    |tmp_34_reg_568       |  8|   0|    8|          0|
    |tmp_35_reg_573       |  8|   0|    8|          0|
    |tmp_36_reg_578       |  8|   0|    8|          0|
    |tmp_37_reg_583       |  8|   0|    8|          0|
    |x_assign_5_reg_550   |  8|   0|    8|          0|
    |y_19_reg_562         |  8|   0|    8|          0|
    +---------------------+---+----+-----+-----------+
    |Total                |121|   0|  125|          4|
    +---------------------+---+----+-----+-----------+



================================================================
== Interface
================================================================
* Summary: 
+----------------+-----+-----+------------+--------------------+--------------+
|    RTL Ports   | Dir | Bits|  Protocol  |    Source Object   |    C Type    |
+----------------+-----+-----+------------+--------------------+--------------+
|ap_clk          |  in |    1| ap_ctrl_hs | aes_mixColumns_inv | return value |
|ap_rst          |  in |    1| ap_ctrl_hs | aes_mixColumns_inv | return value |
|ap_start        |  in |    1| ap_ctrl_hs | aes_mixColumns_inv | return value |
|ap_done         | out |    1| ap_ctrl_hs | aes_mixColumns_inv | return value |
|ap_idle         | out |    1| ap_ctrl_hs | aes_mixColumns_inv | return value |
|ap_ready        | out |    1| ap_ctrl_hs | aes_mixColumns_inv | return value |
|buf_r_address0  | out |    4|  ap_memory |        buf_r       |     array    |
|buf_r_ce0       | out |    1|  ap_memory |        buf_r       |     array    |
|buf_r_we0       | out |    1|  ap_memory |        buf_r       |     array    |
|buf_r_d0        | out |    8|  ap_memory |        buf_r       |     array    |
|buf_r_q0        |  in |    8|  ap_memory |        buf_r       |     array    |
|buf_r_address1  | out |    4|  ap_memory |        buf_r       |     array    |
|buf_r_ce1       | out |    1|  ap_memory |        buf_r       |     array    |
|buf_r_we1       | out |    1|  ap_memory |        buf_r       |     array    |
|buf_r_d1        | out |    8|  ap_memory |        buf_r       |     array    |
|buf_r_q1        |  in |    8|  ap_memory |        buf_r       |     array    |
+----------------+-----+-----+------------+--------------------+--------------+

