

================================================================
== Vivado HLS Report for 'aes_addRoundKey'
================================================================
* Date:           Sat Jun  3 11:51:52 2017

* Version:        2016.4 (Build 1756540 on Mon Jan 23 19:31:01 MST 2017)
* Project:        aes256cbc
* Solution:       solution1
* Product family: zynq
* Target device:  xc7z020clg484-1


================================================================
== Performance Estimates
================================================================
+ Timing (ns): 
    * Summary: 
    +--------+-------+----------+------------+
    |  Clock | Target| Estimated| Uncertainty|
    +--------+-------+----------+------------+
    |ap_clk  |   8.00|      6.15|        1.00|
    +--------+-------+----------+------------+

+ Latency (clock cycles): 
    * Summary: 
    +-----+-----+-----+-----+---------+
    |  Latency  |  Interval | Pipeline|
    | min | max | min | max |   Type  |
    +-----+-----+-----+-----+---------+
    |   33|   33|   33|   33|   none  |
    +-----+-----+-----+-----+---------+

    + Detail: 
        * Instance: 
        N/A

        * Loop: 
        +----------+-----+-----+----------+-----------+-----------+------+----------+
        |          |  Latency  | Iteration|  Initiation Interval  | Trip |          |
        | Loop Name| min | max |  Latency |  achieved |   target  | Count| Pipelined|
        +----------+-----+-----+----------+-----------+-----------+------+----------+
        |- Loop 1  |   32|   32|         2|          -|          -|    16|    no    |
        +----------+-----+-----+----------+-----------+-----------+------+----------+



================================================================
== Utilization Estimates
================================================================
* Summary: 
+-----------------+---------+-------+--------+-------+
|       Name      | BRAM_18K| DSP48E|   FF   |  LUT  |
+-----------------+---------+-------+--------+-------+
|DSP              |        -|      -|       -|      -|
|Expression       |        -|      -|       0|     20|
|FIFO             |        -|      -|       -|      -|
|Instance         |        -|      -|       -|      -|
|Memory           |        -|      -|       -|      -|
|Multiplexer      |        -|      -|       -|     10|
|Register         |        -|      -|      22|      -|
+-----------------+---------+-------+--------+-------+
|Total            |        0|      0|      22|     30|
+-----------------+---------+-------+--------+-------+
|Available        |      280|    220|  106400|  53200|
+-----------------+---------+-------+--------+-------+
|Utilization (%)  |        0|      0|   ~0   |   ~0  |
+-----------------+---------+-------+--------+-------+

+ Detail: 
    * Instance: 
    N/A

    * DSP48: 
    N/A

    * Memory: 
    N/A

    * FIFO: 
    N/A

    * Expression: 
    +--------------+----------+-------+---+----+------------+------------+
    | Variable Name| Operation| DSP48E| FF| LUT| Bitwidth P0| Bitwidth P1|
    +--------------+----------+-------+---+----+------------+------------+
    |i_5_fu_65_p2  |     +    |      0|  0|   5|           5|           2|
    |sum_fu_86_p2  |     +    |      0|  0|   5|           5|           5|
    |tmp_fu_75_p2  |   icmp   |      0|  0|   2|           5|           1|
    |buf_r_d0      |    xor   |      0|  0|   8|           8|           8|
    +--------------+----------+-------+---+----+------------+------------+
    |Total         |          |      0|  0|  20|          23|          16|
    +--------------+----------+-------+---+----+------------+------------+

    * Multiplexer: 
    +----------------+----+-----------+-----+-----------+
    |      Name      | LUT| Input Size| Bits| Total Bits|
    +----------------+----+-----------+-----+-----------+
    |ap_NS_fsm       |   1|          4|    1|          4|
    |buf_r_address0  |   4|          3|    4|         12|
    |i_reg_50        |   5|          2|    5|         10|
    +----------------+----+-----------+-----+-----------+
    |Total           |  10|          9|   10|         26|
    +----------------+----+-----------+-----+-----------+

    * Register: 
    +------------------+---+----+-----+-----------+
    |       Name       | FF| LUT| Bits| Const Bits|
    +------------------+---+----+-----+-----------+
    |ap_CS_fsm         |  3|   0|    3|          0|
    |buf_addr_reg_121  |  4|   0|    4|          0|
    |i_5_reg_108       |  5|   0|    5|          0|
    |i_reg_50          |  5|   0|    5|          0|
    |tmp_92_reg_103    |  5|   0|    5|          0|
    +------------------+---+----+-----+-----------+
    |Total             | 22|   0|   22|          0|
    +------------------+---+----+-----+-----------+



================================================================
== Interface
================================================================
* Summary: 
+----------------+-----+-----+------------+-----------------+--------------+
|    RTL Ports   | Dir | Bits|  Protocol  |  Source Object  |    C Type    |
+----------------+-----+-----+------------+-----------------+--------------+
|ap_clk          |  in |    1| ap_ctrl_hs | aes_addRoundKey | return value |
|ap_rst          |  in |    1| ap_ctrl_hs | aes_addRoundKey | return value |
|ap_start        |  in |    1| ap_ctrl_hs | aes_addRoundKey | return value |
|ap_done         | out |    1| ap_ctrl_hs | aes_addRoundKey | return value |
|ap_idle         | out |    1| ap_ctrl_hs | aes_addRoundKey | return value |
|ap_ready        | out |    1| ap_ctrl_hs | aes_addRoundKey | return value |
|buf_r_address0  | out |    4|  ap_memory |      buf_r      |     array    |
|buf_r_ce0       | out |    1|  ap_memory |      buf_r      |     array    |
|buf_r_we0       | out |    1|  ap_memory |      buf_r      |     array    |
|buf_r_d0        | out |    8|  ap_memory |      buf_r      |     array    |
|buf_r_q0        |  in |    8|  ap_memory |      buf_r      |     array    |
|key_address0    | out |    5|  ap_memory |       key       |     array    |
|key_ce0         | out |    1|  ap_memory |       key       |     array    |
|key_q0          |  in |    8|  ap_memory |       key       |     array    |
|key_offset      |  in |    6|   ap_none  |    key_offset   |    scalar    |
+----------------+-----+-----+------------+-----------------+--------------+

