

================================================================
== Vivado HLS Report for 'aescbc'
================================================================
* Date:           Thu Jun  8 09:29:44 2017

* Version:        2016.4 (Build 1756540 on Mon Jan 23 19:31:01 MST 2017)
* Project:        aescbc
* Solution:       solution1
* Product family: zynq
* Target device:  xc7z020clg484-1


================================================================
== Performance Estimates
================================================================
+ Timing (ns): 
    * Summary: 
    +--------+-------+----------+------------+
    |  Clock | Target| Estimated| Uncertainty|
    +--------+-------+----------+------------+
    |ap_clk  |   8.00|      6.50|        1.00|
    +--------+-------+----------+------------+

+ Latency (clock cycles): 
    * Summary: 
    +-----+------+-----+------+---------+
    |   Latency  |  Interval  | Pipeline|
    | min |  max | min |  max |   Type  |
    +-----+------+-----+------+---------+
    |    1|  2543|    2|  2544|   none  |
    +-----+------+-----+------+---------+

    + Detail: 
        * Instance: 
        +-----------------------------+------------------+------+------+------+------+---------+
        |                             |                  |   Latency   |   Interval  | Pipeline|
        |           Instance          |      Module      |  min |  max |  min |  max |   Type  |
        +-----------------------------+------------------+------+------+------+------+---------+
        |grp_aes_encrypt_ecb_fu_602   |aes_encrypt_ecb   |  1698|  2335|  1698|  2335|   none  |
        |grp_aes_decrypt_ecb_fu_613   |aes_decrypt_ecb   |  1740|  2377|  1740|  2377|   none  |
        |grp_aes_expandEncKey_fu_626  |aes_expandEncKey  |    48|    48|    48|    48|   none  |
        +-----------------------------+------------------+------+------+------+------+---------+

        * Loop: 
        +--------------------+-----+-----+----------+-----------+-----------+------+----------+
        |                    |  Latency  | Iteration|  Initiation Interval  | Trip |          |
        |      Loop Name     | min | max |  Latency |  achieved |   target  | Count| Pipelined|
        +--------------------+-----+-----+----------+-----------+-----------+------+----------+
        |- loop_dataoutclr0  |   16|   16|         1|          -|          -|    16|    no    |
        |- loop_xorvreset    |   32|   32|         2|          -|          -|    16|    no    |
        |- Loop 3            |   64|   64|         2|          -|          -|    32|    no    |
        |- Loop 4            |  350|  350|        50|          -|          -|     7|    no    |
        |- Loop 5            |   32|   32|         2|          -|          -|    16|    no    |
        |- Loop 6            |   32|   32|         2|          -|          -|    16|    no    |
        |- Loop 7            |   32|   32|         2|          -|          -|    16|    no    |
        |- Loop 8            |   32|   32|         2|          -|          -|    16|    no    |
        |- Loop 9            |   32|   32|         2|          -|          -|    16|    no    |
        |- Loop 10           |   32|   32|         2|          -|          -|    16|    no    |
        |- Loop 11           |   32|   32|         2|          -|          -|    16|    no    |
        |- Loop 12           |   32|   32|         2|          -|          -|    16|    no    |
        |- Loop 13           |   32|   32|         2|          -|          -|    16|    no    |
        |- loop_setiv        |   32|   32|         2|          -|          -|    16|    no    |
        |- loop_dataoutclr1  |   16|   16|         1|          -|          -|    16|    no    |
        |- loop_setkey       |   64|   64|         2|          -|          -|    32|    no    |
        |- loop_dataoutclr2  |   16|   16|         1|          -|          -|    16|    no    |
        +--------------------+-----+-----+----------+-----------+-----------+------+----------+



================================================================
== Utilization Estimates
================================================================
* Summary: 
+-----------------+---------+-------+--------+-------+
|       Name      | BRAM_18K| DSP48E|   FF   |  LUT  |
+-----------------+---------+-------+--------+-------+
|DSP              |        -|      -|       -|      -|
|Expression       |        -|      -|       0|    143|
|FIFO             |        -|      -|       -|      -|
|Instance         |       12|      -|    1323|   2338|
|Memory           |        3|      -|      80|     14|
|Multiplexer      |        -|      -|       -|    290|
|Register         |        -|      -|     268|      -|
+-----------------+---------+-------+--------+-------+
|Total            |       15|      0|    1671|   2785|
+-----------------+---------+-------+--------+-------+
|Available        |      280|    220|  106400|  53200|
+-----------------+---------+-------+--------+-------+
|Utilization (%)  |        5|      0|       1|      5|
+-----------------+---------+-------+--------+-------+

+ Detail: 
    * Instance: 
    +-----------------------------+-----------------------+---------+-------+-----+-----+
    |           Instance          |         Module        | BRAM_18K| DSP48E|  FF | LUT |
    +-----------------------------+-----------------------+---------+-------+-----+-----+
    |grp_aes_decrypt_ecb_fu_613   |aes_decrypt_ecb        |        2|      0|  479|  934|
    |grp_aes_encrypt_ecb_fu_602   |aes_encrypt_ecb        |        4|      0|  460|  907|
    |grp_aes_expandEncKey_fu_626  |aes_expandEncKey       |        2|      0|  179|  311|
    |aescbc_AXILiteS_s_axi_U      |aescbc_AXILiteS_s_axi  |        4|      0|  205|  186|
    +-----------------------------+-----------------------+---------+-------+-----+-----+
    |Total                        |                       |       12|      0| 1323| 2338|
    +-----------------------------+-----------------------+---------+-------+-----+-----+

    * DSP48: 
    N/A

    * Memory: 
    +--------------+-------------------+---------+----+----+------+-----+------+-------------+
    |    Memory    |       Module      | BRAM_18K| FF | LUT| Words| Bits| Banks| W*Bits*Banks|
    +--------------+-------------------+---------+----+----+------+-----+------+-------------+
    |buf_U         |aescbc_buf         |        1|   0|   0|    16|    8|     1|          128|
    |ctx_deckey_U  |aescbc_ctx_deckey  |        1|   0|   0|    32|    8|     1|          256|
    |ctx_key_U     |aescbc_ctx_deckey  |        1|   0|   0|    32|    8|     1|          256|
    |ctx_enckey_U  |aescbc_ctx_enckey  |        0|  16|   4|    32|    8|     1|          256|
    |iv_U          |aescbc_iv          |        0|  16|   2|    16|    8|     1|          128|
    |xorv_U        |aescbc_iv          |        0|  16|   2|    16|    8|     1|          128|
    |lastbuf_U     |aescbc_iv          |        0|  16|   2|    16|    8|     1|          128|
    |key_U         |aescbc_key         |        0|  16|   4|    32|    8|     1|          256|
    +--------------+-------------------+---------+----+----+------+-----+------+-------------+
    |Total         |                   |        3|  80|  14|   192|   64|     8|         1536|
    +--------------+-------------------+---------+----+----+------+-----+------+-------------+

    * FIFO: 
    N/A

    * Expression: 
    +--------------------+----------+-------+---+----+------------+------------+
    |    Variable Name   | Operation| DSP48E| FF| LUT| Bitwidth P0| Bitwidth P1|
    +--------------------+----------+-------+---+----+------------+------------+
    |i_13_fu_872_p2      |     +    |      0|  0|   5|           5|           1|
    |i_15_fu_803_p2      |     +    |      0|  0|   5|           5|           1|
    |i_16_fu_717_p2      |     +    |      0|  0|   5|           5|           1|
    |i_17_fu_683_p2      |     +    |      0|  0|   5|           5|           1|
    |i_18_fu_649_p2      |     +    |      0|  0|   6|           6|           1|
    |i_19_fu_889_p2      |     +    |      0|  0|   5|           5|           1|
    |i_20_fu_820_p2      |     +    |      0|  0|   5|           5|           1|
    |i_21_fu_734_p2      |     +    |      0|  0|   5|           5|           1|
    |i_22_fu_700_p2      |     +    |      0|  0|   5|           5|           1|
    |i_23_fu_666_p2      |     +    |      0|  0|   5|           5|           1|
    |i_24_fu_838_p2      |     +    |      0|  0|   5|           5|           1|
    |i_25_fu_751_p2      |     +    |      0|  0|   5|           5|           1|
    |i_26_fu_855_p2      |     +    |      0|  0|   5|           5|           1|
    |i_27_fu_769_p2      |     +    |      0|  0|   5|           5|           1|
    |i_28_fu_786_p2      |     +    |      0|  0|   5|           5|           1|
    |i_29_fu_906_p2      |     +    |      0|  0|   6|           6|           1|
    |phitmp_i_fu_923_p2  |     +    |      0|  0|   3|           3|           2|
    |tmp_10_fu_883_p2    |   icmp   |      0|  0|   3|           5|           6|
    |tmp_11_fu_814_p2    |   icmp   |      0|  0|   3|           5|           6|
    |tmp_12_fu_728_p2    |   icmp   |      0|  0|   3|           5|           6|
    |tmp_13_fu_694_p2    |   icmp   |      0|  0|   3|           5|           6|
    |tmp_14_fu_660_p2    |   icmp   |      0|  0|   3|           5|           6|
    |tmp_21_fu_832_p2    |   icmp   |      0|  0|   3|           5|           6|
    |tmp_22_fu_745_p2    |   icmp   |      0|  0|   3|           5|           6|
    |tmp_26_fu_849_p2    |   icmp   |      0|  0|   3|           5|           6|
    |tmp_27_fu_763_p2    |   icmp   |      0|  0|   3|           5|           6|
    |tmp_30_fu_780_p2    |   icmp   |      0|  0|   3|           5|           6|
    |tmp_3_fu_866_p2     |   icmp   |      0|  0|   3|           5|           6|
    |tmp_4_fu_797_p2     |   icmp   |      0|  0|   3|           5|           6|
    |tmp_5_fu_711_p2     |   icmp   |      0|  0|   3|           5|           6|
    |tmp_6_fu_677_p2     |   icmp   |      0|  0|   3|           5|           6|
    |tmp_7_fu_643_p2     |   icmp   |      0|  0|   3|           6|           7|
    |tmp_90_i_fu_917_p2  |   icmp   |      0|  0|   2|           3|           1|
    |tmp_i_fu_900_p2     |   icmp   |      0|  0|   3|           6|           7|
    |grp_fu_636_p2       |    xor   |      0|  0|   8|           8|           8|
    +--------------------+----------+-------+---+----+------------+------------+
    |Total               |          |      0|  0| 143|         178|         125|
    +--------------------+----------+-------+---+----+------------+------------+

    * Multiplexer: 
    +---------------------+----+-----------+-----+-----------+
    |         Name        | LUT| Input Size| Bits| Total Bits|
    +---------------------+----+-----------+-----+-----------+
    |ap_NS_fsm            |  60|         35|    1|         35|
    |buf_address0         |  12|         13|    4|         52|
    |buf_address1         |   4|          3|    4|         12|
    |buf_ce0              |   1|          4|    1|          4|
    |buf_ce1              |   1|          3|    1|          3|
    |buf_d0               |   8|          5|    8|         40|
    |buf_d1               |   8|          3|    8|         24|
    |buf_we0              |   1|          4|    1|          4|
    |buf_we1              |   1|          3|    1|          3|
    |ctx_deckey_address0  |   5|          4|    5|         20|
    |ctx_deckey_address1  |   5|          3|    5|         15|
    |ctx_deckey_ce0       |   1|          4|    1|          4|
    |ctx_deckey_ce1       |   1|          3|    1|          3|
    |ctx_deckey_d0        |   8|          3|    8|         24|
    |ctx_deckey_we0       |   1|          3|    1|          3|
    |ctx_deckey_we1       |   1|          2|    1|          2|
    |ctx_enckey_address0  |   5|          3|    5|         15|
    |ctx_enckey_ce0       |   1|          3|    1|          3|
    |ctx_enckey_ce1       |   1|          2|    1|          2|
    |ctx_key_address0     |   5|          3|    5|         15|
    |ctx_key_address1     |   5|          3|    5|         15|
    |ctx_key_ce0          |   1|          3|    1|          3|
    |ctx_key_ce1          |   1|          3|    1|          3|
    |ctx_key_d0           |   8|          3|    8|         24|
    |ctx_key_d1           |   8|          3|    8|         24|
    |ctx_key_we0          |   1|          3|    1|          3|
    |ctx_key_we1          |   1|          3|    1|          3|
    |data_in_address0     |   5|          5|    5|         25|
    |data_out_address0    |   4|          6|    4|         24|
    |data_out_d0          |   8|          3|    8|         24|
    |i_10_reg_491         |   5|          2|    5|         10|
    |i_11_reg_403         |   6|          2|    6|         12|
    |i_12_reg_436         |   5|          2|    5|         10|
    |i_14_reg_414         |   5|          2|    5|         10|
    |i_1_reg_557          |   5|          2|    5|         10|
    |i_2_reg_502          |   5|          2|    5|         10|
    |i_30_reg_591         |   3|          2|    3|          6|
    |i_3_reg_513          |   5|          2|    5|         10|
    |i_4_reg_524          |   5|          2|    5|         10|
    |i_5_reg_535          |   5|          2|    5|         10|
    |i_6_reg_447          |   5|          2|    5|         10|
    |i_7_reg_458          |   5|          2|    5|         10|
    |i_8_reg_469          |   5|          2|    5|         10|
    |i_9_reg_480          |   5|          2|    5|         10|
    |i_i_reg_568          |   6|          2|    6|         12|
    |i_reg_546            |   5|          2|    5|         10|
    |i_s_reg_425          |   5|          2|    5|         10|
    |iv_address0          |   4|          3|    4|         12|
    |key_address0         |   5|          3|    5|         15|
    |lastbuf_address0     |   4|          3|    4|         12|
    |rcon_i_reg_579       |   8|          2|    8|         16|
    |xorv_address0        |   4|          6|    4|         24|
    |xorv_d0              |   8|          4|    8|         32|
    +---------------------+----+-----------+-----+-----------+
    |Total                | 290|        196|  223|        712|
    +---------------------+----+-----------+-----+-----------+

    * Register: 
    +---------------------------------------------+----+----+-----+-----------+
    |                     Name                    | FF | LUT| Bits| Const Bits|
    +---------------------------------------------+----+----+-----+-----------+
    |ap_CS_fsm                                    |  34|   0|   34|          0|
    |ap_reg_grp_aes_decrypt_ecb_fu_613_ap_start   |   1|   0|    1|          0|
    |ap_reg_grp_aes_encrypt_ecb_fu_602_ap_start   |   1|   0|    1|          0|
    |ap_reg_grp_aes_expandEncKey_fu_626_ap_start  |   1|   0|    1|          0|
    |buf_addr_2_reg_1101                          |   4|   0|    4|          0|
    |buf_addr_5_reg_1029                          |   4|   0|    4|          0|
    |i_10_reg_491                                 |   5|   0|    5|          0|
    |i_11_reg_403                                 |   6|   0|    6|          0|
    |i_12_reg_436                                 |   5|   0|    5|          0|
    |i_14_reg_414                                 |   5|   0|    5|          0|
    |i_15_reg_1078                                |   5|   0|    5|          0|
    |i_16_reg_988                                 |   5|   0|    5|          0|
    |i_17_reg_962                                 |   5|   0|    5|          0|
    |i_18_reg_936                                 |   6|   0|    6|          0|
    |i_19_reg_1158                                |   5|   0|    5|          0|
    |i_1_reg_557                                  |   5|   0|    5|          0|
    |i_20_reg_1096                                |   5|   0|    5|          0|
    |i_21_reg_1006                                |   5|   0|    5|          0|
    |i_24_reg_1114                                |   5|   0|    5|          0|
    |i_25_reg_1024                                |   5|   0|    5|          0|
    |i_26_reg_1132                                |   5|   0|    5|          0|
    |i_27_reg_1042                                |   5|   0|    5|          0|
    |i_28_reg_1060                                |   5|   0|    5|          0|
    |i_29_reg_1176                                |   6|   0|    6|          0|
    |i_2_reg_502                                  |   5|   0|    5|          0|
    |i_30_reg_591                                 |   3|   0|    3|          0|
    |i_3_reg_513                                  |   5|   0|    5|          0|
    |i_4_reg_524                                  |   5|   0|    5|          0|
    |i_5_reg_535                                  |   5|   0|    5|          0|
    |i_6_reg_447                                  |   5|   0|    5|          0|
    |i_7_reg_458                                  |   5|   0|    5|          0|
    |i_8_reg_469                                  |   5|   0|    5|          0|
    |i_9_reg_480                                  |   5|   0|    5|          0|
    |i_i_reg_568                                  |   6|   0|    6|          0|
    |i_reg_546                                    |   5|   0|    5|          0|
    |i_s_reg_425                                  |   5|   0|    5|          0|
    |mode_read_reg_929                            |   3|   0|    3|          0|
    |phitmp_i_reg_1195                            |   3|   0|    3|          0|
    |rcon_i_reg_579                               |   8|   0|    8|          0|
    |tmp_15_reg_1163                              |   5|   0|   64|         59|
    |tmp_18_reg_1011                              |   5|   0|   64|         59|
    |tmp_1_reg_993                                |   5|   0|   64|         59|
    |tmp_23_reg_1119                              |   5|   0|   64|         59|
    |tmp_28_reg_1137                              |   5|   0|   64|         59|
    |tmp_29_reg_1047                              |   5|   0|   64|         59|
    |tmp_2_reg_967                                |   5|   0|   64|         59|
    |tmp_31_reg_1065                              |   5|   0|   64|         59|
    |tmp_9_reg_941                                |   6|   0|   64|         58|
    |tmp_i_9_reg_1181                             |   6|   0|   64|         58|
    |tmp_s_reg_1083                               |   5|   0|   64|         59|
    +---------------------------------------------+----+----+-----+-----------+
    |Total                                        | 268|   0|  915|        647|
    +---------------------------------------------+----+----+-----+-----------+



================================================================
== Interface
================================================================
* Summary: 
+------------------------+-----+-----+------------+--------------+--------------+
|        RTL Ports       | Dir | Bits|  Protocol  | Source Object|    C Type    |
+------------------------+-----+-----+------------+--------------+--------------+
|s_axi_AXILiteS_AWVALID  |  in |    1|    s_axi   |   AXILiteS   |     array    |
|s_axi_AXILiteS_AWREADY  | out |    1|    s_axi   |   AXILiteS   |     array    |
|s_axi_AXILiteS_AWADDR   |  in |    7|    s_axi   |   AXILiteS   |     array    |
|s_axi_AXILiteS_WVALID   |  in |    1|    s_axi   |   AXILiteS   |     array    |
|s_axi_AXILiteS_WREADY   | out |    1|    s_axi   |   AXILiteS   |     array    |
|s_axi_AXILiteS_WDATA    |  in |   32|    s_axi   |   AXILiteS   |     array    |
|s_axi_AXILiteS_WSTRB    |  in |    4|    s_axi   |   AXILiteS   |     array    |
|s_axi_AXILiteS_ARVALID  |  in |    1|    s_axi   |   AXILiteS   |     array    |
|s_axi_AXILiteS_ARREADY  | out |    1|    s_axi   |   AXILiteS   |     array    |
|s_axi_AXILiteS_ARADDR   |  in |    7|    s_axi   |   AXILiteS   |     array    |
|s_axi_AXILiteS_RVALID   | out |    1|    s_axi   |   AXILiteS   |     array    |
|s_axi_AXILiteS_RREADY   |  in |    1|    s_axi   |   AXILiteS   |     array    |
|s_axi_AXILiteS_RDATA    | out |   32|    s_axi   |   AXILiteS   |     array    |
|s_axi_AXILiteS_RRESP    | out |    2|    s_axi   |   AXILiteS   |     array    |
|s_axi_AXILiteS_BVALID   | out |    1|    s_axi   |   AXILiteS   |     array    |
|s_axi_AXILiteS_BREADY   |  in |    1|    s_axi   |   AXILiteS   |     array    |
|s_axi_AXILiteS_BRESP    | out |    2|    s_axi   |   AXILiteS   |     array    |
|ap_clk                  |  in |    1| ap_ctrl_hs |    aescbc    | return value |
|ap_rst_n                |  in |    1| ap_ctrl_hs |    aescbc    | return value |
|interrupt               | out |    1| ap_ctrl_hs |    aescbc    | return value |
+------------------------+-----+-----+------------+--------------+--------------+

