INFO: [XSIM 43-3496] Using init file passed via -initfile option "/opt/Xilinx/Vivado/2016.4/data/xsim/ip/xsim_ip.ini".
Vivado Simulator 2016.4
Copyright 1986-1999, 2001-2016 Xilinx, Inc. All Rights Reserved.
Running: /opt/Xilinx/Vivado/2016.4/bin/unwrapped/lnx64.o/xelab xil_defaultlib.apatb_aes256cbc_top -prj aes256cbc.prj --initfile /opt/Xilinx/Vivado/2016.4/data/xsim/ip/xsim_ip.ini --lib ieee_proposed=./ieee_proposed -s aes256cbc 
WARNING: [XSIM 43-3431] One or more environment variables have been detected which affect the operation of the C compiler. These are typically not set in standard installations and are not tested by Xilinx, however they may be appropriate for your system, so the flow will attempt to continue.  If errors occur, try running fuse with the "-mt off -v 1" switches to see more information from the C compiler. The following environment variables have been detected:
INFO: [VRFC 10-2263] Analyzing SystemVerilog file "/home/jd/workspace/aes256cbc/solution1/sim/verilog/aes_expandDecKey_bkb.v" into library xil_defaultlib
INFO: [VRFC 10-311] analyzing module aes_expandDecKey_bkb_rom
INFO: [VRFC 10-311] analyzing module aes_expandDecKey_bkb
INFO: [VRFC 10-2263] Analyzing SystemVerilog file "/home/jd/workspace/aes256cbc/solution1/sim/verilog/aes256cbc_ctx_decfYi.v" into library xil_defaultlib
INFO: [VRFC 10-311] analyzing module aes256cbc_ctx_decfYi_ram
INFO: [VRFC 10-311] analyzing module aes256cbc_ctx_decfYi
INFO: [VRFC 10-2263] Analyzing SystemVerilog file "/home/jd/workspace/aes256cbc/solution1/sim/verilog/aes256cbc.v" into library xil_defaultlib
INFO: [VRFC 10-311] analyzing module aes256cbc
INFO: [VRFC 10-2263] Analyzing SystemVerilog file "/home/jd/workspace/aes256cbc/solution1/sim/verilog/aes256_decrypt_eccud.v" into library xil_defaultlib
INFO: [VRFC 10-311] analyzing module aes256_decrypt_eccud_rom
INFO: [VRFC 10-311] analyzing module aes256_decrypt_eccud
INFO: [VRFC 10-2263] Analyzing SystemVerilog file "/home/jd/workspace/aes256cbc/solution1/sim/verilog/aes_expandEncKey.v" into library xil_defaultlib
INFO: [VRFC 10-311] analyzing module aes_expandEncKey
INFO: [VRFC 10-2263] Analyzing SystemVerilog file "/home/jd/workspace/aes256cbc/solution1/sim/verilog/AESL_axi_slave_p0.v" into library xil_defaultlib
INFO: [VRFC 10-311] analyzing module AESL_axi_slave_p0
INFO: [VRFC 10-2263] Analyzing SystemVerilog file "/home/jd/workspace/aes256cbc/solution1/sim/verilog/AESL_axi_slave_AXILiteS.v" into library xil_defaultlib
INFO: [VRFC 10-311] analyzing module AESL_axi_slave_AXILiteS
INFO: [VRFC 10-2263] Analyzing SystemVerilog file "/home/jd/workspace/aes256cbc/solution1/sim/verilog/aes256cbc_iv.v" into library xil_defaultlib
INFO: [VRFC 10-311] analyzing module aes256cbc_iv_ram
INFO: [VRFC 10-311] analyzing module aes256cbc_iv
INFO: [VRFC 10-2263] Analyzing SystemVerilog file "/home/jd/workspace/aes256cbc/solution1/sim/verilog/aes_expandEncKey_dEe.v" into library xil_defaultlib
INFO: [VRFC 10-311] analyzing module aes_expandEncKey_dEe_rom
INFO: [VRFC 10-311] analyzing module aes_expandEncKey_dEe
INFO: [VRFC 10-2263] Analyzing SystemVerilog file "/home/jd/workspace/aes256cbc/solution1/sim/verilog/aes_mixColumns_inv.v" into library xil_defaultlib
INFO: [VRFC 10-311] analyzing module aes_mixColumns_inv
INFO: [VRFC 10-2263] Analyzing SystemVerilog file "/home/jd/workspace/aes256cbc/solution1/sim/verilog/aes_expandDecKey.v" into library xil_defaultlib
INFO: [VRFC 10-311] analyzing module aes_expandDecKey
INFO: [VRFC 10-2263] Analyzing SystemVerilog file "/home/jd/workspace/aes256cbc/solution1/sim/verilog/aes_addRoundKey.v" into library xil_defaultlib
INFO: [VRFC 10-311] analyzing module aes_addRoundKey
INFO: [VRFC 10-2263] Analyzing SystemVerilog file "/home/jd/workspace/aes256cbc/solution1/sim/verilog/aes256cbc_ctx_encg8j.v" into library xil_defaultlib
INFO: [VRFC 10-311] analyzing module aes256cbc_ctx_encg8j_ram
INFO: [VRFC 10-311] analyzing module aes256cbc_ctx_encg8j
INFO: [VRFC 10-2263] Analyzing SystemVerilog file "/home/jd/workspace/aes256cbc/solution1/sim/verilog/aes256cbc_key.v" into library xil_defaultlib
INFO: [VRFC 10-311] analyzing module aes256cbc_key_ram
INFO: [VRFC 10-311] analyzing module aes256cbc_key
INFO: [VRFC 10-2263] Analyzing SystemVerilog file "/home/jd/workspace/aes256cbc/solution1/sim/verilog/aes256cbc_AXILiteS_s_axi.v" into library xil_defaultlib
INFO: [VRFC 10-311] analyzing module aes256cbc_AXILiteS_s_axi
INFO: [VRFC 10-2263] Analyzing SystemVerilog file "/home/jd/workspace/aes256cbc/solution1/sim/verilog/aes256_encrypt_ecb.v" into library xil_defaultlib
INFO: [VRFC 10-311] analyzing module aes256_encrypt_ecb
INFO: [VRFC 10-2263] Analyzing SystemVerilog file "/home/jd/workspace/aes256cbc/solution1/sim/verilog/aes256cbc_memptr_m_axi.v" into library xil_defaultlib
INFO: [VRFC 10-311] analyzing module aes256cbc_memptr_m_axi
INFO: [VRFC 10-311] analyzing module aes256cbc_memptr_m_axi_reg_slice
INFO: [VRFC 10-311] analyzing module aes256cbc_memptr_m_axi_fifo
INFO: [VRFC 10-311] analyzing module aes256cbc_memptr_m_axi_buffer
INFO: [VRFC 10-311] analyzing module aes256cbc_memptr_m_axi_decoder
INFO: [VRFC 10-311] analyzing module aes256cbc_memptr_m_axi_throttl
INFO: [VRFC 10-311] analyzing module aes256cbc_memptr_m_axi_read
INFO: [VRFC 10-311] analyzing module aes256cbc_memptr_m_axi_write
INFO: [VRFC 10-2458] undeclared symbol data_valid, assumed default net type wire [/home/jd/workspace/aes256cbc/solution1/sim/verilog/aes256cbc_memptr_m_axi.v:2009]
INFO: [VRFC 10-2263] Analyzing SystemVerilog file "/home/jd/workspace/aes256cbc/solution1/sim/verilog/aes256_decrypt_ecb.v" into library xil_defaultlib
INFO: [VRFC 10-311] analyzing module aes256_decrypt_ecb
INFO: [VRFC 10-2263] Analyzing SystemVerilog file "/home/jd/workspace/aes256cbc/solution1/sim/verilog/aes256cbc_p0_s_axi.v" into library xil_defaultlib
INFO: [VRFC 10-311] analyzing module aes256cbc_p0_s_axi
INFO: [VRFC 10-2263] Analyzing SystemVerilog file "/home/jd/workspace/aes256cbc/solution1/sim/verilog/AESL_axi_master_memptr.v" into library xil_defaultlib
INFO: [VRFC 10-311] analyzing module AESL_axi_master_memptr
INFO: [VRFC 10-2263] Analyzing SystemVerilog file "/home/jd/workspace/aes256cbc/solution1/sim/verilog/aes256cbc_buf.v" into library xil_defaultlib
INFO: [VRFC 10-311] analyzing module aes256cbc_buf_ram
INFO: [VRFC 10-311] analyzing module aes256cbc_buf
INFO: [VRFC 10-2263] Analyzing SystemVerilog file "/home/jd/workspace/aes256cbc/solution1/sim/verilog/aes256cbc.autotb.v" into library xil_defaultlib
INFO: [VRFC 10-311] analyzing module apatb_aes256cbc_top
Starting static elaboration
Completed static elaboration
Starting simulation data flow analysis
Completed simulation data flow analysis
Time Resolution for simulation is 1ps
Compiling module xil_defaultlib.aes256cbc_iv_ram
Compiling module xil_defaultlib.aes256cbc_iv(DataWidth=8,Address...
Compiling module xil_defaultlib.aes256cbc_key_ram
Compiling module xil_defaultlib.aes256cbc_key(DataWidth=8,Addres...
Compiling module xil_defaultlib.aes256cbc_ctx_decfYi_ram
Compiling module xil_defaultlib.aes256cbc_ctx_decfYi(DataWidth=8...
Compiling module xil_defaultlib.aes256cbc_ctx_encg8j_ram
Compiling module xil_defaultlib.aes256cbc_ctx_encg8j(DataWidth=8...
Compiling module xil_defaultlib.aes256cbc_AXILiteS_s_axi(C_S_AXI...
Compiling module xil_defaultlib.aes256cbc_p0_s_axi(C_S_AXI_ADDR_...
Compiling module xil_defaultlib.aes256cbc_memptr_m_axi_throttl_d...
Compiling module xil_defaultlib.aes256cbc_memptr_m_axi_fifo(DATA...
Compiling module xil_defaultlib.aes256cbc_memptr_m_axi_buffer(DA...
Compiling module xil_defaultlib.aes256cbc_memptr_m_axi_fifo(DATA...
Compiling module xil_defaultlib.aes256cbc_memptr_m_axi_decoder(D...
Compiling module xil_defaultlib.aes256cbc_memptr_m_axi_fifo(DATA...
Compiling module xil_defaultlib.aes256cbc_memptr_m_axi_fifo(DATA...
Compiling module xil_defaultlib.aes256cbc_memptr_m_axi_write(NUM...
Compiling module xil_defaultlib.aes256cbc_memptr_m_axi_buffer(DA...
Compiling module xil_defaultlib.aes256cbc_memptr_m_axi_reg_slice...
Compiling module xil_defaultlib.aes256cbc_memptr_m_axi_read(NUM_...
Compiling module xil_defaultlib.aes256cbc_memptr_m_axi(NUM_READ_...
Compiling module xil_defaultlib.aes256cbc_buf_ram
Compiling module xil_defaultlib.aes256cbc_buf(DataWidth=8,Addres...
Compiling module xil_defaultlib.aes_expandEncKey_dEe_rom
Compiling module xil_defaultlib.aes_expandEncKey_dEe(DataWidth=8...
Compiling module xil_defaultlib.aes_expandEncKey
Compiling module xil_defaultlib.aes_addRoundKey
Compiling module xil_defaultlib.aes256_encrypt_ecb
Compiling module xil_defaultlib.aes256_decrypt_eccud_rom
Compiling module xil_defaultlib.aes256_decrypt_eccud(DataWidth=8...
Compiling module xil_defaultlib.aes_expandDecKey_bkb_rom
Compiling module xil_defaultlib.aes_expandDecKey_bkb(DataWidth=8...
Compiling module xil_defaultlib.aes_expandDecKey
Compiling module xil_defaultlib.aes_mixColumns_inv
Compiling module xil_defaultlib.aes256_decrypt_ecb
Compiling module xil_defaultlib.aes256cbc_default
Compiling module xil_defaultlib.AESL_axi_master_memptr
Compiling module xil_defaultlib.AESL_axi_slave_p0
Compiling module xil_defaultlib.AESL_axi_slave_AXILiteS
Compiling module xil_defaultlib.apatb_aes256cbc_top
Built simulation snapshot aes256cbc
