

================================================================
== Vivado HLS Report for 'aes_mixColumns_inv'
================================================================
* Date:           Tue Mar 14 13:06:40 2017

* Version:        2016.4 (Build 1733598 on Wed Dec 14 22:59:20 MST 2016)
* Project:        aes256cbc
* Solution:       solution1
* Product family: zynq
* Target device:  xc7z020clg484-1


================================================================
== Performance Estimates
================================================================
+ Timing (ns): 
    * Summary: 
    +--------+-------+----------+------------+
    |  Clock | Target| Estimated| Uncertainty|
    +--------+-------+----------+------------+
    |ap_clk  |   8.00|      5.48|        1.00|
    +--------+-------+----------+------------+

+ Latency (clock cycles): 
    * Summary: 
    +-----+-----+-----+-----+---------+
    |  Latency  |  Interval | Pipeline|
    | min | max | min | max |   Type  |
    +-----+-----+-----+-----+---------+
    |   25|   25|   25|   25|   none  |
    +-----+-----+-----+-----+---------+

    + Detail: 
        * Instance: 
        N/A

        * Loop: 
        +----------+-----+-----+----------+-----------+-----------+------+----------+
        |          |  Latency  | Iteration|  Initiation Interval  | Trip |          |
        | Loop Name| min | max |  Latency |  achieved |   target  | Count| Pipelined|
        +----------+-----+-----+----------+-----------+-----------+------+----------+
        |- Loop 1  |   24|   24|         6|          -|          -|     4|    no    |
        +----------+-----+-----+----------+-----------+-----------+------+----------+

============================================================
+ Verbose Summary: Synthesis Manager
============================================================
InlineROM: 1
ExposeGlobal: 0
============================================================
+ Verbose Summary: CDFG Model
============================================================
IsTopModel: 0
ResetActiveHigh: 1
IsCombinational: 0
IsDatapathOnly: 0
HasWiredReturn: 1
HasMFsm: 0
HasVarLatency: 1
IsPipeline: 0
IsRtlPipelined: 0
IsInstanceOverlapped: 0
IsDontTouch: 0
HasImplIP: 0
IsGatedGlobalClock: 0


============================================================
+ Verbose Summary: Schedule
============================================================
* Number of FSM states: 7
* Pipeline: 0
* Dataflow Pipeline: 0

* FSM state transitions: 
1 --> 
	2  / true
2 --> 
	3  / (!tmp)
3 --> 
	4  / true
4 --> 
	5  / true
5 --> 
	6  / true
6 --> 
	7  / true
7 --> 
	2  / true
* FSM state operations: 

 <State 1>: 1.57ns
ST_1: StgValue_8 (2)  [1/1] 1.57ns  loc: aes256cbc/src/aes256ecb.c:274
:0  br label %1


 <State 2>: 2.39ns
ST_2: i (4)  [1/1] 0.00ns
:0  %i = phi i5 [ 0, %0 ], [ %i_1, %2 ]

ST_2: tmp (5)  [1/1] 0.00ns  loc: aes256cbc/src/aes256ecb.c:274
:1  %tmp = call i1 @_ssdm_op_BitSelect.i1.i5.i32(i5 %i, i32 4)

ST_2: empty (6)  [1/1] 0.00ns
:2  %empty = call i32 (...)* @_ssdm_op_SpecLoopTripCount(i64 4, i64 4, i64 4)

ST_2: StgValue_12 (7)  [1/1] 0.00ns  loc: aes256cbc/src/aes256ecb.c:274
:3  br i1 %tmp, label %3, label %2

ST_2: tmp_7 (9)  [1/1] 0.00ns  loc: aes256cbc/src/aes256ecb.c:276
:0  %tmp_7 = zext i5 %i to i64

ST_2: buf_addr (10)  [1/1] 0.00ns  loc: aes256cbc/src/aes256ecb.c:276
:1  %buf_addr = getelementptr [16 x i8]* %buf_r, i64 0, i64 %tmp_7

ST_2: a (11)  [2/2] 2.39ns  loc: aes256cbc/src/aes256ecb.c:276
:2  %a = load i8* %buf_addr, align 1

ST_2: tmp_11 (12)  [1/1] 0.00ns  loc: aes256cbc/src/aes256ecb.c:277
:3  %tmp_11 = trunc i5 %i to i4

ST_2: tmp_9 (13)  [1/1] 0.00ns  loc: aes256cbc/src/aes256ecb.c:277
:4  %tmp_9 = or i4 %tmp_11, 1

ST_2: tmp_s (14)  [1/1] 0.00ns  loc: aes256cbc/src/aes256ecb.c:277
:5  %tmp_s = zext i4 %tmp_9 to i64

ST_2: buf_addr_1 (15)  [1/1] 0.00ns  loc: aes256cbc/src/aes256ecb.c:277
:6  %buf_addr_1 = getelementptr [16 x i8]* %buf_r, i64 0, i64 %tmp_s

ST_2: b (16)  [2/2] 2.39ns  loc: aes256cbc/src/aes256ecb.c:277
:7  %b = load i8* %buf_addr_1, align 1

ST_2: i_1 (85)  [1/1] 1.72ns  loc: aes256cbc/src/aes256ecb.c:274
:76  %i_1 = add i5 4, %i

ST_2: StgValue_22 (88)  [1/1] 0.00ns  loc: aes256cbc/src/aes256ecb.c:289
:0  ret void


 <State 3>: 2.39ns
ST_3: a (11)  [1/2] 2.39ns  loc: aes256cbc/src/aes256ecb.c:276
:2  %a = load i8* %buf_addr, align 1

ST_3: b (16)  [1/2] 2.39ns  loc: aes256cbc/src/aes256ecb.c:277
:7  %b = load i8* %buf_addr_1, align 1

ST_3: tmp_1 (17)  [1/1] 0.00ns  loc: aes256cbc/src/aes256ecb.c:278
:8  %tmp_1 = or i4 %tmp_11, 2

ST_3: tmp_2 (18)  [1/1] 0.00ns  loc: aes256cbc/src/aes256ecb.c:278
:9  %tmp_2 = zext i4 %tmp_1 to i64

ST_3: buf_addr_2 (19)  [1/1] 0.00ns  loc: aes256cbc/src/aes256ecb.c:278
:10  %buf_addr_2 = getelementptr [16 x i8]* %buf_r, i64 0, i64 %tmp_2

ST_3: c (20)  [2/2] 2.39ns  loc: aes256cbc/src/aes256ecb.c:278
:11  %c = load i8* %buf_addr_2, align 1

ST_3: tmp_3 (21)  [1/1] 0.00ns  loc: aes256cbc/src/aes256ecb.c:279
:12  %tmp_3 = or i4 %tmp_11, 3

ST_3: tmp_4 (22)  [1/1] 0.00ns  loc: aes256cbc/src/aes256ecb.c:279
:13  %tmp_4 = zext i4 %tmp_3 to i64

ST_3: buf_addr_3 (23)  [1/1] 0.00ns  loc: aes256cbc/src/aes256ecb.c:279
:14  %buf_addr_3 = getelementptr [16 x i8]* %buf_r, i64 0, i64 %tmp_4

ST_3: d (24)  [2/2] 2.39ns  loc: aes256cbc/src/aes256ecb.c:279
:15  %d = load i8* %buf_addr_3, align 1


 <State 4>: 5.13ns
ST_4: c (20)  [1/2] 2.39ns  loc: aes256cbc/src/aes256ecb.c:278
:11  %c = load i8* %buf_addr_2, align 1

ST_4: d (24)  [1/2] 2.39ns  loc: aes256cbc/src/aes256ecb.c:279
:15  %d = load i8* %buf_addr_3, align 1

ST_4: x_assign_5 (25)  [1/1] 1.37ns  loc: aes256cbc/src/aes256ecb.c:280
:16  %x_assign_5 = xor i8 %b, %a

ST_4: tmp1 (26)  [1/1] 0.00ns  loc: aes256cbc/src/aes256ecb.c:280 (grouped into LUT with out node e)
:17  %tmp1 = xor i8 %d, %x_assign_5

ST_4: e (27)  [1/1] 1.37ns  loc: aes256cbc/src/aes256ecb.c:280 (out node of the LUT)
:18  %e = xor i8 %tmp1, %c

ST_4: y_1 (28)  [1/1] 0.00ns  loc: aes256cbc/src/aes256ecb.c:189->aes256cbc/src/aes256ecb.c:281
:19  %y_1 = shl i8 %e, 1

ST_4: tmp_13 (29)  [1/1] 0.00ns  loc: aes256cbc/src/aes256ecb.c:190->aes256cbc/src/aes256ecb.c:281 (grouped into LUT with out node y_19)
:20  %tmp_13 = call i1 @_ssdm_op_BitSelect.i1.i8.i32(i8 %e, i32 7)

ST_4: tmp_1_i (30)  [1/1] 0.00ns  loc: aes256cbc/src/aes256ecb.c:190->aes256cbc/src/aes256ecb.c:281 (grouped into LUT with out node y_19)
:21  %tmp_1_i = xor i8 %y_1, 27

ST_4: y_19 (31)  [1/1] 1.37ns  loc: aes256cbc/src/aes256ecb.c:190->aes256cbc/src/aes256ecb.c:281 (out node of the LUT)
:22  %y_19 = select i1 %tmp_13, i8 %tmp_1_i, i8 %y_1


 <State 5>: 5.48ns
ST_5: tmp2 (32)  [1/1] 0.00ns  loc: aes256cbc/src/aes256ecb.c:282 (grouped into LUT with out node x_assign_1)
:23  %tmp2 = xor i8 %a, %y_19

ST_5: x_assign_1 (33)  [1/1] 1.37ns  loc: aes256cbc/src/aes256ecb.c:282 (out node of the LUT)
:24  %x_assign_1 = xor i8 %tmp2, %c

ST_5: y_3 (34)  [1/1] 0.00ns  loc: aes256cbc/src/aes256ecb.c:189->aes256cbc/src/aes256ecb.c:282
:25  %y_3 = shl i8 %x_assign_1, 1

ST_5: tmp_15 (35)  [1/1] 0.00ns  loc: aes256cbc/src/aes256ecb.c:190->aes256cbc/src/aes256ecb.c:282 (grouped into LUT with out node y_4)
:26  %tmp_15 = call i1 @_ssdm_op_BitSelect.i1.i8.i32(i8 %x_assign_1, i32 7)

ST_5: tmp_1_i1 (36)  [1/1] 0.00ns  loc: aes256cbc/src/aes256ecb.c:190->aes256cbc/src/aes256ecb.c:282 (grouped into LUT with out node y_4)
:27  %tmp_1_i1 = xor i8 %y_3, 27

ST_5: y_4 (37)  [1/1] 1.37ns  loc: aes256cbc/src/aes256ecb.c:190->aes256cbc/src/aes256ecb.c:282 (out node of the LUT)
:28  %y_4 = select i1 %tmp_15, i8 %tmp_1_i1, i8 %y_3

ST_5: y_5 (38)  [1/1] 0.00ns  loc: aes256cbc/src/aes256ecb.c:189->aes256cbc/src/aes256ecb.c:282
:29  %y_5 = shl i8 %y_4, 1

ST_5: tmp_17 (39)  [1/1] 0.00ns  loc: aes256cbc/src/aes256ecb.c:190->aes256cbc/src/aes256ecb.c:282 (grouped into LUT with out node x)
:30  %tmp_17 = call i1 @_ssdm_op_BitSelect.i1.i8.i32(i8 %y_4, i32 7)

ST_5: tmp_1_i2 (40)  [1/1] 0.00ns  loc: aes256cbc/src/aes256ecb.c:190->aes256cbc/src/aes256ecb.c:282 (grouped into LUT with out node x)
:31  %tmp_1_i2 = xor i8 %y_5, 27

ST_5: y_6 (41)  [1/1] 0.00ns  loc: aes256cbc/src/aes256ecb.c:190->aes256cbc/src/aes256ecb.c:282 (grouped into LUT with out node x)
:32  %y_6 = select i1 %tmp_17, i8 %tmp_1_i2, i8 %y_5

ST_5: x (42)  [1/1] 1.37ns  loc: aes256cbc/src/aes256ecb.c:282 (out node of the LUT)
:33  %x = xor i8 %y_6, %e

ST_5: tmp3 (43)  [1/1] 0.00ns  loc: aes256cbc/src/aes256ecb.c:283 (grouped into LUT with out node x_assign_3)
:34  %tmp3 = xor i8 %b, %y_19

ST_5: x_assign_3 (44)  [1/1] 1.37ns  loc: aes256cbc/src/aes256ecb.c:283 (out node of the LUT)
:35  %x_assign_3 = xor i8 %tmp3, %d

ST_5: y_7 (45)  [1/1] 0.00ns  loc: aes256cbc/src/aes256ecb.c:189->aes256cbc/src/aes256ecb.c:283
:36  %y_7 = shl i8 %x_assign_3, 1

ST_5: tmp_19 (46)  [1/1] 0.00ns  loc: aes256cbc/src/aes256ecb.c:190->aes256cbc/src/aes256ecb.c:283 (grouped into LUT with out node y_8)
:37  %tmp_19 = call i1 @_ssdm_op_BitSelect.i1.i8.i32(i8 %x_assign_3, i32 7)

ST_5: tmp_1_i3 (47)  [1/1] 0.00ns  loc: aes256cbc/src/aes256ecb.c:190->aes256cbc/src/aes256ecb.c:283 (grouped into LUT with out node y_8)
:38  %tmp_1_i3 = xor i8 %y_7, 27

ST_5: y_8 (48)  [1/1] 1.37ns  loc: aes256cbc/src/aes256ecb.c:190->aes256cbc/src/aes256ecb.c:283 (out node of the LUT)
:39  %y_8 = select i1 %tmp_19, i8 %tmp_1_i3, i8 %y_7

ST_5: y_9 (49)  [1/1] 0.00ns  loc: aes256cbc/src/aes256ecb.c:189->aes256cbc/src/aes256ecb.c:283
:40  %y_9 = shl i8 %y_8, 1

ST_5: tmp_21 (50)  [1/1] 0.00ns  loc: aes256cbc/src/aes256ecb.c:190->aes256cbc/src/aes256ecb.c:283 (grouped into LUT with out node y)
:41  %tmp_21 = call i1 @_ssdm_op_BitSelect.i1.i8.i32(i8 %y_8, i32 7)

ST_5: tmp_1_i4 (51)  [1/1] 0.00ns  loc: aes256cbc/src/aes256ecb.c:190->aes256cbc/src/aes256ecb.c:283 (grouped into LUT with out node y)
:42  %tmp_1_i4 = xor i8 %y_9, 27

ST_5: y_10 (52)  [1/1] 0.00ns  loc: aes256cbc/src/aes256ecb.c:190->aes256cbc/src/aes256ecb.c:283 (grouped into LUT with out node y)
:43  %y_10 = select i1 %tmp_21, i8 %tmp_1_i4, i8 %y_9

ST_5: y (53)  [1/1] 1.37ns  loc: aes256cbc/src/aes256ecb.c:283 (out node of the LUT)
:44  %y = xor i8 %y_10, %e

ST_5: y_11 (54)  [1/1] 0.00ns  loc: aes256cbc/src/aes256ecb.c:189->aes256cbc/src/aes256ecb.c:284
:45  %y_11 = shl i8 %x_assign_5, 1

ST_5: tmp_23 (55)  [1/1] 0.00ns  loc: aes256cbc/src/aes256ecb.c:190->aes256cbc/src/aes256ecb.c:284 (grouped into LUT with out node tmp_5)
:46  %tmp_23 = call i1 @_ssdm_op_BitSelect.i1.i8.i32(i8 %x_assign_5, i32 7)

ST_5: tmp_1_i5 (56)  [1/1] 0.00ns  loc: aes256cbc/src/aes256ecb.c:190->aes256cbc/src/aes256ecb.c:284 (grouped into LUT with out node tmp_5)
:47  %tmp_1_i5 = xor i8 %y_11, 27

ST_5: y_12 (57)  [1/1] 0.00ns  loc: aes256cbc/src/aes256ecb.c:190->aes256cbc/src/aes256ecb.c:284 (grouped into LUT with out node tmp_5)
:48  %y_12 = select i1 %tmp_23, i8 %tmp_1_i5, i8 %y_11

ST_5: tmp4 (58)  [1/1] 0.00ns  loc: aes256cbc/src/aes256ecb.c:284 (grouped into LUT with out node tmp_5)
:49  %tmp4 = xor i8 %y_12, %x

ST_5: tmp_5 (59)  [1/1] 1.37ns  loc: aes256cbc/src/aes256ecb.c:284 (out node of the LUT)
:50  %tmp_5 = xor i8 %tmp4, %a

ST_5: x_assign_6 (61)  [1/1] 1.37ns  loc: aes256cbc/src/aes256ecb.c:285
:52  %x_assign_6 = xor i8 %c, %b

ST_5: y_13 (62)  [1/1] 0.00ns  loc: aes256cbc/src/aes256ecb.c:189->aes256cbc/src/aes256ecb.c:285
:53  %y_13 = shl i8 %x_assign_6, 1

ST_5: tmp_25 (63)  [1/1] 0.00ns  loc: aes256cbc/src/aes256ecb.c:190->aes256cbc/src/aes256ecb.c:285 (grouped into LUT with out node tmp_6)
:54  %tmp_25 = call i1 @_ssdm_op_BitSelect.i1.i8.i32(i8 %x_assign_6, i32 7)

ST_5: tmp_1_i6 (64)  [1/1] 0.00ns  loc: aes256cbc/src/aes256ecb.c:190->aes256cbc/src/aes256ecb.c:285 (grouped into LUT with out node tmp_6)
:55  %tmp_1_i6 = xor i8 %y_13, 27

ST_5: y_14 (65)  [1/1] 0.00ns  loc: aes256cbc/src/aes256ecb.c:190->aes256cbc/src/aes256ecb.c:285 (grouped into LUT with out node tmp_6)
:56  %y_14 = select i1 %tmp_25, i8 %tmp_1_i6, i8 %y_13

ST_5: tmp5 (66)  [1/1] 0.00ns  loc: aes256cbc/src/aes256ecb.c:285 (grouped into LUT with out node tmp_6)
:57  %tmp5 = xor i8 %y_14, %y

ST_5: tmp_6 (67)  [1/1] 1.37ns  loc: aes256cbc/src/aes256ecb.c:285 (out node of the LUT)
:58  %tmp_6 = xor i8 %tmp5, %b

ST_5: x_assign_7 (69)  [1/1] 1.37ns  loc: aes256cbc/src/aes256ecb.c:286
:60  %x_assign_7 = xor i8 %d, %c

ST_5: y_15 (70)  [1/1] 0.00ns  loc: aes256cbc/src/aes256ecb.c:189->aes256cbc/src/aes256ecb.c:286
:61  %y_15 = shl i8 %x_assign_7, 1

ST_5: tmp_27 (71)  [1/1] 0.00ns  loc: aes256cbc/src/aes256ecb.c:190->aes256cbc/src/aes256ecb.c:286 (grouped into LUT with out node tmp_8)
:62  %tmp_27 = call i1 @_ssdm_op_BitSelect.i1.i8.i32(i8 %x_assign_7, i32 7)

ST_5: tmp_1_i7 (72)  [1/1] 0.00ns  loc: aes256cbc/src/aes256ecb.c:190->aes256cbc/src/aes256ecb.c:286 (grouped into LUT with out node tmp_8)
:63  %tmp_1_i7 = xor i8 %y_15, 27

ST_5: y_16 (73)  [1/1] 0.00ns  loc: aes256cbc/src/aes256ecb.c:190->aes256cbc/src/aes256ecb.c:286 (grouped into LUT with out node tmp_8)
:64  %y_16 = select i1 %tmp_27, i8 %tmp_1_i7, i8 %y_15

ST_5: tmp6 (74)  [1/1] 0.00ns  loc: aes256cbc/src/aes256ecb.c:286 (grouped into LUT with out node tmp_8)
:65  %tmp6 = xor i8 %y_16, %x

ST_5: tmp_8 (75)  [1/1] 1.37ns  loc: aes256cbc/src/aes256ecb.c:286 (out node of the LUT)
:66  %tmp_8 = xor i8 %tmp6, %c

ST_5: x_assign_8 (77)  [1/1] 1.37ns  loc: aes256cbc/src/aes256ecb.c:287
:68  %x_assign_8 = xor i8 %d, %a

ST_5: y_17 (78)  [1/1] 0.00ns  loc: aes256cbc/src/aes256ecb.c:189->aes256cbc/src/aes256ecb.c:287
:69  %y_17 = shl i8 %x_assign_8, 1

ST_5: tmp_29 (79)  [1/1] 0.00ns  loc: aes256cbc/src/aes256ecb.c:190->aes256cbc/src/aes256ecb.c:287 (grouped into LUT with out node tmp_10)
:70  %tmp_29 = call i1 @_ssdm_op_BitSelect.i1.i8.i32(i8 %x_assign_8, i32 7)

ST_5: tmp_1_i8 (80)  [1/1] 0.00ns  loc: aes256cbc/src/aes256ecb.c:190->aes256cbc/src/aes256ecb.c:287 (grouped into LUT with out node tmp_10)
:71  %tmp_1_i8 = xor i8 %y_17, 27

ST_5: y_18 (81)  [1/1] 0.00ns  loc: aes256cbc/src/aes256ecb.c:190->aes256cbc/src/aes256ecb.c:287 (grouped into LUT with out node tmp_10)
:72  %y_18 = select i1 %tmp_29, i8 %tmp_1_i8, i8 %y_17

ST_5: tmp7 (82)  [1/1] 0.00ns  loc: aes256cbc/src/aes256ecb.c:287 (grouped into LUT with out node tmp_10)
:73  %tmp7 = xor i8 %y_18, %y

ST_5: tmp_10 (83)  [1/1] 1.37ns  loc: aes256cbc/src/aes256ecb.c:287 (out node of the LUT)
:74  %tmp_10 = xor i8 %tmp7, %d


 <State 6>: 2.39ns
ST_6: StgValue_91 (60)  [1/1] 2.39ns  loc: aes256cbc/src/aes256ecb.c:284
:51  store i8 %tmp_5, i8* %buf_addr, align 1

ST_6: StgValue_92 (68)  [1/1] 2.39ns  loc: aes256cbc/src/aes256ecb.c:285
:59  store i8 %tmp_6, i8* %buf_addr_1, align 1


 <State 7>: 2.39ns
ST_7: StgValue_93 (76)  [1/1] 2.39ns  loc: aes256cbc/src/aes256ecb.c:286
:67  store i8 %tmp_8, i8* %buf_addr_2, align 1

ST_7: StgValue_94 (84)  [1/1] 2.39ns  loc: aes256cbc/src/aes256ecb.c:287
:75  store i8 %tmp_10, i8* %buf_addr_3, align 1

ST_7: StgValue_95 (86)  [1/1] 0.00ns  loc: aes256cbc/src/aes256ecb.c:274
:77  br label %1



============================================================
+ Verbose Summary: Binding
============================================================
STG Binding: 
---------------- STG Properties BEGIN ----------------
- Is combinational: 0
- Is one-state seq: 0
- Is datapath-only: 0
- Is clock enabled: 0
- Is pipelined: 0
- Is top level: 0
Port [ Return ] is wired: 1; IO mode=ap_ctrl_hs:ce=0
Port [ buf_r]:  wired=1; compound=1; hidden=0; nouse=0; global=0; static=0; extern=0; dir=2; type=1; pingpong=0; private_global=0; MemPort=[22]; IO mode=ap_memory:ce=0
---------------- STG Properties END ------------------

---------------- Datapath Model BEGIN ----------------

<LifeTime>
<method=bitvector/>
StgValue_8  (br               ) [ 01111111]
i           (phi              ) [ 00100000]
tmp         (bitselect        ) [ 00111111]
empty       (speclooptripcount) [ 00000000]
StgValue_12 (br               ) [ 00000000]
tmp_7       (zext             ) [ 00000000]
buf_addr    (getelementptr    ) [ 00011110]
tmp_11      (trunc            ) [ 00010000]
tmp_9       (or               ) [ 00000000]
tmp_s       (zext             ) [ 00000000]
buf_addr_1  (getelementptr    ) [ 00011110]
i_1         (add              ) [ 01111111]
StgValue_22 (ret              ) [ 00000000]
a           (load             ) [ 00001100]
b           (load             ) [ 00001100]
tmp_1       (or               ) [ 00000000]
tmp_2       (zext             ) [ 00000000]
buf_addr_2  (getelementptr    ) [ 00001111]
tmp_3       (or               ) [ 00000000]
tmp_4       (zext             ) [ 00000000]
buf_addr_3  (getelementptr    ) [ 00001111]
c           (load             ) [ 00000100]
d           (load             ) [ 00000100]
x_assign_5  (xor              ) [ 00000100]
tmp1        (xor              ) [ 00000000]
e           (xor              ) [ 00000100]
y_1         (shl              ) [ 00000000]
tmp_13      (bitselect        ) [ 00000000]
tmp_1_i     (xor              ) [ 00000000]
y_19        (select           ) [ 00000100]
tmp2        (xor              ) [ 00000000]
x_assign_1  (xor              ) [ 00000000]
y_3         (shl              ) [ 00000000]
tmp_15      (bitselect        ) [ 00000000]
tmp_1_i1    (xor              ) [ 00000000]
y_4         (select           ) [ 00000000]
y_5         (shl              ) [ 00000000]
tmp_17      (bitselect        ) [ 00000000]
tmp_1_i2    (xor              ) [ 00000000]
y_6         (select           ) [ 00000000]
x           (xor              ) [ 00000000]
tmp3        (xor              ) [ 00000000]
x_assign_3  (xor              ) [ 00000000]
y_7         (shl              ) [ 00000000]
tmp_19      (bitselect        ) [ 00000000]
tmp_1_i3    (xor              ) [ 00000000]
y_8         (select           ) [ 00000000]
y_9         (shl              ) [ 00000000]
tmp_21      (bitselect        ) [ 00000000]
tmp_1_i4    (xor              ) [ 00000000]
y_10        (select           ) [ 00000000]
y           (xor              ) [ 00000000]
y_11        (shl              ) [ 00000000]
tmp_23      (bitselect        ) [ 00000000]
tmp_1_i5    (xor              ) [ 00000000]
y_12        (select           ) [ 00000000]
tmp4        (xor              ) [ 00000000]
tmp_5       (xor              ) [ 00000010]
x_assign_6  (xor              ) [ 00000000]
y_13        (shl              ) [ 00000000]
tmp_25      (bitselect        ) [ 00000000]
tmp_1_i6    (xor              ) [ 00000000]
y_14        (select           ) [ 00000000]
tmp5        (xor              ) [ 00000000]
tmp_6       (xor              ) [ 00000010]
x_assign_7  (xor              ) [ 00000000]
y_15        (shl              ) [ 00000000]
tmp_27      (bitselect        ) [ 00000000]
tmp_1_i7    (xor              ) [ 00000000]
y_16        (select           ) [ 00000000]
tmp6        (xor              ) [ 00000000]
tmp_8       (xor              ) [ 00000011]
x_assign_8  (xor              ) [ 00000000]
y_17        (shl              ) [ 00000000]
tmp_29      (bitselect        ) [ 00000000]
tmp_1_i8    (xor              ) [ 00000000]
y_18        (select           ) [ 00000000]
tmp7        (xor              ) [ 00000000]
tmp_10      (xor              ) [ 00000011]
StgValue_91 (store            ) [ 00000000]
StgValue_92 (store            ) [ 00000000]
StgValue_93 (store            ) [ 00000000]
StgValue_94 (store            ) [ 00000000]
StgValue_95 (br               ) [ 01111111]
</LifeTime>

<model>

<comp_list>
<comp id="0" class="1000" name="buf_r">
<pin_list>
<pin id="1" dir="1" index="0" bw="1" slack="0"/>
</pin_list>
<bind>
<StgValue><ssdm name="buf_r"/><MemPortTyVec>2 2 </MemPortTyVec>
</StgValue>
</bind>
</comp>

<comp id="2" class="1001" name="const_2">
<pin_list>
<pin id="3" dir="1" index="0" bw="1" slack="1"/>
</pin_list>
<bind>
<StgValue><ssdm name=""/></StgValue>
</bind>
</comp>

<comp id="4" class="1001" name="const_4">
<pin_list>
<pin id="5" dir="1" index="0" bw="1" slack="0"/>
</pin_list>
<bind>
<StgValue><ssdm name="_ssdm_op_BitSelect.i1.i5.i32"/></StgValue>
</bind>
</comp>

<comp id="6" class="1001" name="const_6">
<pin_list>
<pin id="7" dir="1" index="0" bw="1" slack="0"/>
</pin_list>
<bind>
<StgValue><ssdm name=""/></StgValue>
</bind>
</comp>

<comp id="8" class="1001" name="const_8">
<pin_list>
<pin id="9" dir="1" index="0" bw="1" slack="2147483647"/>
</pin_list>
<bind>
<StgValue><ssdm name="_ssdm_op_SpecLoopTripCount"/></StgValue>
</bind>
</comp>

<comp id="10" class="1001" name="const_10">
<pin_list>
<pin id="11" dir="1" index="0" bw="1" slack="2147483647"/>
</pin_list>
<bind>
<StgValue><ssdm name=""/></StgValue>
</bind>
</comp>

<comp id="12" class="1001" name="const_12">
<pin_list>
<pin id="13" dir="1" index="0" bw="1" slack="0"/>
</pin_list>
<bind>
<StgValue><ssdm name=""/></StgValue>
</bind>
</comp>

<comp id="14" class="1001" name="const_14">
<pin_list>
<pin id="15" dir="1" index="0" bw="1" slack="0"/>
</pin_list>
<bind>
<StgValue><ssdm name=""/></StgValue>
</bind>
</comp>

<comp id="16" class="1001" name="const_16">
<pin_list>
<pin id="17" dir="1" index="0" bw="1" slack="0"/>
</pin_list>
<bind>
<StgValue><ssdm name=""/></StgValue>
</bind>
</comp>

<comp id="18" class="1001" name="const_18">
<pin_list>
<pin id="19" dir="1" index="0" bw="1" slack="0"/>
</pin_list>
<bind>
<StgValue><ssdm name=""/></StgValue>
</bind>
</comp>

<comp id="20" class="1001" name="const_20">
<pin_list>
<pin id="21" dir="1" index="0" bw="1" slack="0"/>
</pin_list>
<bind>
<StgValue><ssdm name=""/></StgValue>
</bind>
</comp>

<comp id="22" class="1001" name="const_22">
<pin_list>
<pin id="23" dir="1" index="0" bw="1" slack="0"/>
</pin_list>
<bind>
<StgValue><ssdm name=""/></StgValue>
</bind>
</comp>

<comp id="24" class="1001" name="const_24">
<pin_list>
<pin id="25" dir="1" index="0" bw="1" slack="0"/>
</pin_list>
<bind>
<StgValue><ssdm name="_ssdm_op_BitSelect.i1.i8.i32"/></StgValue>
</bind>
</comp>

<comp id="26" class="1001" name="const_26">
<pin_list>
<pin id="27" dir="1" index="0" bw="1" slack="0"/>
</pin_list>
<bind>
<StgValue><ssdm name=""/></StgValue>
</bind>
</comp>

<comp id="28" class="1001" name="const_28">
<pin_list>
<pin id="29" dir="1" index="0" bw="1" slack="0"/>
</pin_list>
<bind>
<StgValue><ssdm name=""/></StgValue>
</bind>
</comp>

<comp id="30" class="1004" name="buf_addr_gep_fu_30">
<pin_list>
<pin id="31" dir="0" index="0" bw="8" slack="0"/>
<pin id="32" dir="0" index="1" bw="1" slack="0"/>
<pin id="33" dir="0" index="2" bw="5" slack="0"/>
<pin id="34" dir="1" index="3" bw="4" slack="0"/>
</pin_list>
<bind>
<opcode="getelementptr(29) " fcode="getelementptr"/>
<opset="buf_addr/2 "/>
</bind>
</comp>

<comp id="37" class="1004" name="grp_access_fu_37">
<pin_list>
<pin id="38" dir="0" index="0" bw="4" slack="0"/>
<pin id="39" dir="0" index="1" bw="8" slack="1"/>
<pin id="49" dir="0" index="3" bw="4" slack="0"/>
<pin id="50" dir="0" index="4" bw="8" slack="1"/>
<pin id="40" dir="1" index="2" bw="8" slack="0"/>
<pin id="51" dir="1" index="5" bw="8" slack="0"/>
</pin_list>
<bind>
<opcode="load(27) store(28) " fcode="store"/>
<opset="a/2 b/2 c/3 d/3 StgValue_91/6 StgValue_92/6 StgValue_93/7 StgValue_94/7 "/>
</bind>
</comp>

<comp id="42" class="1004" name="buf_addr_1_gep_fu_42">
<pin_list>
<pin id="43" dir="0" index="0" bw="8" slack="0"/>
<pin id="44" dir="0" index="1" bw="1" slack="0"/>
<pin id="45" dir="0" index="2" bw="4" slack="0"/>
<pin id="46" dir="1" index="3" bw="4" slack="0"/>
</pin_list>
<bind>
<opcode="getelementptr(29) " fcode="getelementptr"/>
<opset="buf_addr_1/2 "/>
</bind>
</comp>

<comp id="53" class="1004" name="buf_addr_2_gep_fu_53">
<pin_list>
<pin id="54" dir="0" index="0" bw="8" slack="0"/>
<pin id="55" dir="0" index="1" bw="1" slack="0"/>
<pin id="56" dir="0" index="2" bw="4" slack="0"/>
<pin id="57" dir="1" index="3" bw="4" slack="0"/>
</pin_list>
<bind>
<opcode="getelementptr(29) " fcode="getelementptr"/>
<opset="buf_addr_2/3 "/>
</bind>
</comp>

<comp id="61" class="1004" name="buf_addr_3_gep_fu_61">
<pin_list>
<pin id="62" dir="0" index="0" bw="8" slack="0"/>
<pin id="63" dir="0" index="1" bw="1" slack="0"/>
<pin id="64" dir="0" index="2" bw="4" slack="0"/>
<pin id="65" dir="1" index="3" bw="4" slack="0"/>
</pin_list>
<bind>
<opcode="getelementptr(29) " fcode="getelementptr"/>
<opset="buf_addr_3/3 "/>
</bind>
</comp>

<comp id="69" class="1005" name="i_reg_69">
<pin_list>
<pin id="70" dir="0" index="0" bw="5" slack="1"/>
<pin id="71" dir="1" index="1" bw="5" slack="1"/>
</pin_list>
<bind>
<opset="i (phireg) "/>
</bind>
</comp>

<comp id="73" class="1004" name="i_phi_fu_73">
<pin_list>
<pin id="74" dir="0" index="0" bw="1" slack="1"/>
<pin id="75" dir="0" index="1" bw="0" slack="2147483647"/>
<pin id="76" dir="0" index="2" bw="5" slack="0"/>
<pin id="77" dir="0" index="3" bw="0" slack="2147483647"/>
<pin id="78" dir="1" index="4" bw="5" slack="0"/>
</pin_list>
<bind>
<opcode="phi(47) " fcode="phi"/>
<opset="i/2 "/>
</bind>
</comp>

<comp id="80" class="1004" name="tmp_fu_80">
<pin_list>
<pin id="81" dir="0" index="0" bw="1" slack="0"/>
<pin id="82" dir="0" index="1" bw="5" slack="0"/>
<pin id="83" dir="0" index="2" bw="4" slack="0"/>
<pin id="84" dir="1" index="3" bw="1" slack="2147483647"/>
</pin_list>
<bind>
<opcode="bitselect(1000) " fcode="bitselect"/>
<opset="tmp/2 "/>
</bind>
</comp>

<comp id="88" class="1004" name="tmp_7_fu_88">
<pin_list>
<pin id="89" dir="0" index="0" bw="5" slack="0"/>
<pin id="90" dir="1" index="1" bw="64" slack="0"/>
</pin_list>
<bind>
<opcode="zext(34) " fcode="zext"/>
<opset="tmp_7/2 "/>
</bind>
</comp>

<comp id="93" class="1004" name="tmp_11_fu_93">
<pin_list>
<pin id="94" dir="0" index="0" bw="5" slack="0"/>
<pin id="95" dir="1" index="1" bw="4" slack="0"/>
</pin_list>
<bind>
<opcode="trunc(33) " fcode="trunc"/>
<opset="tmp_11/2 "/>
</bind>
</comp>

<comp id="97" class="1004" name="tmp_9_fu_97">
<pin_list>
<pin id="98" dir="0" index="0" bw="4" slack="0"/>
<pin id="99" dir="0" index="1" bw="1" slack="0"/>
<pin id="100" dir="1" index="2" bw="4" slack="0"/>
</pin_list>
<bind>
<opcode="or(24) " fcode="or"/>
<opset="tmp_9/2 "/>
</bind>
</comp>

<comp id="103" class="1004" name="tmp_s_fu_103">
<pin_list>
<pin id="104" dir="0" index="0" bw="4" slack="0"/>
<pin id="105" dir="1" index="1" bw="64" slack="0"/>
</pin_list>
<bind>
<opcode="zext(34) " fcode="zext"/>
<opset="tmp_s/2 "/>
</bind>
</comp>

<comp id="108" class="1004" name="i_1_fu_108">
<pin_list>
<pin id="109" dir="0" index="0" bw="4" slack="0"/>
<pin id="110" dir="0" index="1" bw="5" slack="0"/>
<pin id="111" dir="1" index="2" bw="5" slack="0"/>
</pin_list>
<bind>
<opcode="add(8) " fcode="add"/>
<opset="i_1/2 "/>
</bind>
</comp>

<comp id="114" class="1004" name="tmp_1_fu_114">
<pin_list>
<pin id="115" dir="0" index="0" bw="4" slack="1"/>
<pin id="116" dir="0" index="1" bw="3" slack="0"/>
<pin id="117" dir="1" index="2" bw="4" slack="0"/>
</pin_list>
<bind>
<opcode="or(24) " fcode="or"/>
<opset="tmp_1/3 "/>
</bind>
</comp>

<comp id="119" class="1004" name="tmp_2_fu_119">
<pin_list>
<pin id="120" dir="0" index="0" bw="4" slack="0"/>
<pin id="121" dir="1" index="1" bw="64" slack="0"/>
</pin_list>
<bind>
<opcode="zext(34) " fcode="zext"/>
<opset="tmp_2/3 "/>
</bind>
</comp>

<comp id="124" class="1004" name="tmp_3_fu_124">
<pin_list>
<pin id="125" dir="0" index="0" bw="4" slack="1"/>
<pin id="126" dir="0" index="1" bw="3" slack="0"/>
<pin id="127" dir="1" index="2" bw="4" slack="0"/>
</pin_list>
<bind>
<opcode="or(24) " fcode="or"/>
<opset="tmp_3/3 "/>
</bind>
</comp>

<comp id="129" class="1004" name="tmp_4_fu_129">
<pin_list>
<pin id="130" dir="0" index="0" bw="4" slack="0"/>
<pin id="131" dir="1" index="1" bw="64" slack="0"/>
</pin_list>
<bind>
<opcode="zext(34) " fcode="zext"/>
<opset="tmp_4/3 "/>
</bind>
</comp>

<comp id="134" class="1004" name="x_assign_5_fu_134">
<pin_list>
<pin id="135" dir="0" index="0" bw="8" slack="1"/>
<pin id="136" dir="0" index="1" bw="8" slack="1"/>
<pin id="137" dir="1" index="2" bw="8" slack="0"/>
</pin_list>
<bind>
<opcode="xor(25) " fcode="xor"/>
<opset="x_assign_5/4 "/>
</bind>
</comp>

<comp id="138" class="1004" name="tmp1_fu_138">
<pin_list>
<pin id="139" dir="0" index="0" bw="8" slack="0"/>
<pin id="140" dir="0" index="1" bw="8" slack="0"/>
<pin id="141" dir="1" index="2" bw="8" slack="0"/>
</pin_list>
<bind>
<opcode="xor(25) " fcode="xor"/>
<opset="tmp1/4 "/>
</bind>
</comp>

<comp id="144" class="1004" name="e_fu_144">
<pin_list>
<pin id="145" dir="0" index="0" bw="8" slack="0"/>
<pin id="146" dir="0" index="1" bw="8" slack="0"/>
<pin id="147" dir="1" index="2" bw="8" slack="0"/>
</pin_list>
<bind>
<opcode="xor(25) " fcode="xor"/>
<opset="e/4 "/>
</bind>
</comp>

<comp id="150" class="1004" name="y_1_fu_150">
<pin_list>
<pin id="151" dir="0" index="0" bw="8" slack="0"/>
<pin id="152" dir="0" index="1" bw="1" slack="0"/>
<pin id="153" dir="1" index="2" bw="8" slack="0"/>
</pin_list>
<bind>
<opcode="shl(20) " fcode="shl"/>
<opset="y_1/4 "/>
</bind>
</comp>

<comp id="156" class="1004" name="tmp_13_fu_156">
<pin_list>
<pin id="157" dir="0" index="0" bw="1" slack="0"/>
<pin id="158" dir="0" index="1" bw="8" slack="0"/>
<pin id="159" dir="0" index="2" bw="4" slack="0"/>
<pin id="160" dir="1" index="3" bw="1" slack="0"/>
</pin_list>
<bind>
<opcode="bitselect(1000) " fcode="bitselect"/>
<opset="tmp_13/4 "/>
</bind>
</comp>

<comp id="164" class="1004" name="tmp_1_i_fu_164">
<pin_list>
<pin id="165" dir="0" index="0" bw="8" slack="0"/>
<pin id="166" dir="0" index="1" bw="6" slack="0"/>
<pin id="167" dir="1" index="2" bw="8" slack="0"/>
</pin_list>
<bind>
<opcode="xor(25) " fcode="xor"/>
<opset="tmp_1_i/4 "/>
</bind>
</comp>

<comp id="170" class="1004" name="y_19_fu_170">
<pin_list>
<pin id="171" dir="0" index="0" bw="1" slack="0"/>
<pin id="172" dir="0" index="1" bw="8" slack="0"/>
<pin id="173" dir="0" index="2" bw="8" slack="0"/>
<pin id="174" dir="1" index="3" bw="8" slack="1"/>
</pin_list>
<bind>
<opcode="select(49) " fcode="select"/>
<opset="y_19/4 "/>
</bind>
</comp>

<comp id="178" class="1004" name="tmp2_fu_178">
<pin_list>
<pin id="179" dir="0" index="0" bw="8" slack="2"/>
<pin id="180" dir="0" index="1" bw="8" slack="1"/>
<pin id="181" dir="1" index="2" bw="8" slack="0"/>
</pin_list>
<bind>
<opcode="xor(25) " fcode="xor"/>
<opset="tmp2/5 "/>
</bind>
</comp>

<comp id="182" class="1004" name="x_assign_1_fu_182">
<pin_list>
<pin id="183" dir="0" index="0" bw="8" slack="0"/>
<pin id="184" dir="0" index="1" bw="8" slack="1"/>
<pin id="185" dir="1" index="2" bw="8" slack="0"/>
</pin_list>
<bind>
<opcode="xor(25) " fcode="xor"/>
<opset="x_assign_1/5 "/>
</bind>
</comp>

<comp id="187" class="1004" name="y_3_fu_187">
<pin_list>
<pin id="188" dir="0" index="0" bw="8" slack="0"/>
<pin id="189" dir="0" index="1" bw="1" slack="0"/>
<pin id="190" dir="1" index="2" bw="8" slack="0"/>
</pin_list>
<bind>
<opcode="shl(20) " fcode="shl"/>
<opset="y_3/5 "/>
</bind>
</comp>

<comp id="193" class="1004" name="tmp_15_fu_193">
<pin_list>
<pin id="194" dir="0" index="0" bw="1" slack="0"/>
<pin id="195" dir="0" index="1" bw="8" slack="0"/>
<pin id="196" dir="0" index="2" bw="4" slack="0"/>
<pin id="197" dir="1" index="3" bw="1" slack="0"/>
</pin_list>
<bind>
<opcode="bitselect(1000) " fcode="bitselect"/>
<opset="tmp_15/5 "/>
</bind>
</comp>

<comp id="201" class="1004" name="tmp_1_i1_fu_201">
<pin_list>
<pin id="202" dir="0" index="0" bw="8" slack="0"/>
<pin id="203" dir="0" index="1" bw="6" slack="0"/>
<pin id="204" dir="1" index="2" bw="8" slack="0"/>
</pin_list>
<bind>
<opcode="xor(25) " fcode="xor"/>
<opset="tmp_1_i1/5 "/>
</bind>
</comp>

<comp id="207" class="1004" name="y_4_fu_207">
<pin_list>
<pin id="208" dir="0" index="0" bw="1" slack="0"/>
<pin id="209" dir="0" index="1" bw="8" slack="0"/>
<pin id="210" dir="0" index="2" bw="8" slack="0"/>
<pin id="211" dir="1" index="3" bw="8" slack="0"/>
</pin_list>
<bind>
<opcode="select(49) " fcode="select"/>
<opset="y_4/5 "/>
</bind>
</comp>

<comp id="215" class="1004" name="y_5_fu_215">
<pin_list>
<pin id="216" dir="0" index="0" bw="8" slack="0"/>
<pin id="217" dir="0" index="1" bw="1" slack="0"/>
<pin id="218" dir="1" index="2" bw="8" slack="0"/>
</pin_list>
<bind>
<opcode="shl(20) " fcode="shl"/>
<opset="y_5/5 "/>
</bind>
</comp>

<comp id="221" class="1004" name="tmp_17_fu_221">
<pin_list>
<pin id="222" dir="0" index="0" bw="1" slack="0"/>
<pin id="223" dir="0" index="1" bw="8" slack="0"/>
<pin id="224" dir="0" index="2" bw="4" slack="0"/>
<pin id="225" dir="1" index="3" bw="1" slack="0"/>
</pin_list>
<bind>
<opcode="bitselect(1000) " fcode="bitselect"/>
<opset="tmp_17/5 "/>
</bind>
</comp>

<comp id="229" class="1004" name="tmp_1_i2_fu_229">
<pin_list>
<pin id="230" dir="0" index="0" bw="8" slack="0"/>
<pin id="231" dir="0" index="1" bw="6" slack="0"/>
<pin id="232" dir="1" index="2" bw="8" slack="0"/>
</pin_list>
<bind>
<opcode="xor(25) " fcode="xor"/>
<opset="tmp_1_i2/5 "/>
</bind>
</comp>

<comp id="235" class="1004" name="y_6_fu_235">
<pin_list>
<pin id="236" dir="0" index="0" bw="1" slack="0"/>
<pin id="237" dir="0" index="1" bw="8" slack="0"/>
<pin id="238" dir="0" index="2" bw="8" slack="0"/>
<pin id="239" dir="1" index="3" bw="8" slack="0"/>
</pin_list>
<bind>
<opcode="select(49) " fcode="select"/>
<opset="y_6/5 "/>
</bind>
</comp>

<comp id="243" class="1004" name="x_fu_243">
<pin_list>
<pin id="244" dir="0" index="0" bw="8" slack="0"/>
<pin id="245" dir="0" index="1" bw="8" slack="1"/>
<pin id="246" dir="1" index="2" bw="8" slack="0"/>
</pin_list>
<bind>
<opcode="xor(25) " fcode="xor"/>
<opset="x/5 "/>
</bind>
</comp>

<comp id="248" class="1004" name="tmp3_fu_248">
<pin_list>
<pin id="249" dir="0" index="0" bw="8" slack="2"/>
<pin id="250" dir="0" index="1" bw="8" slack="1"/>
<pin id="251" dir="1" index="2" bw="8" slack="0"/>
</pin_list>
<bind>
<opcode="xor(25) " fcode="xor"/>
<opset="tmp3/5 "/>
</bind>
</comp>

<comp id="252" class="1004" name="x_assign_3_fu_252">
<pin_list>
<pin id="253" dir="0" index="0" bw="8" slack="0"/>
<pin id="254" dir="0" index="1" bw="8" slack="1"/>
<pin id="255" dir="1" index="2" bw="8" slack="0"/>
</pin_list>
<bind>
<opcode="xor(25) " fcode="xor"/>
<opset="x_assign_3/5 "/>
</bind>
</comp>

<comp id="257" class="1004" name="y_7_fu_257">
<pin_list>
<pin id="258" dir="0" index="0" bw="8" slack="0"/>
<pin id="259" dir="0" index="1" bw="1" slack="0"/>
<pin id="260" dir="1" index="2" bw="8" slack="0"/>
</pin_list>
<bind>
<opcode="shl(20) " fcode="shl"/>
<opset="y_7/5 "/>
</bind>
</comp>

<comp id="263" class="1004" name="tmp_19_fu_263">
<pin_list>
<pin id="264" dir="0" index="0" bw="1" slack="0"/>
<pin id="265" dir="0" index="1" bw="8" slack="0"/>
<pin id="266" dir="0" index="2" bw="4" slack="0"/>
<pin id="267" dir="1" index="3" bw="1" slack="0"/>
</pin_list>
<bind>
<opcode="bitselect(1000) " fcode="bitselect"/>
<opset="tmp_19/5 "/>
</bind>
</comp>

<comp id="271" class="1004" name="tmp_1_i3_fu_271">
<pin_list>
<pin id="272" dir="0" index="0" bw="8" slack="0"/>
<pin id="273" dir="0" index="1" bw="6" slack="0"/>
<pin id="274" dir="1" index="2" bw="8" slack="0"/>
</pin_list>
<bind>
<opcode="xor(25) " fcode="xor"/>
<opset="tmp_1_i3/5 "/>
</bind>
</comp>

<comp id="277" class="1004" name="y_8_fu_277">
<pin_list>
<pin id="278" dir="0" index="0" bw="1" slack="0"/>
<pin id="279" dir="0" index="1" bw="8" slack="0"/>
<pin id="280" dir="0" index="2" bw="8" slack="0"/>
<pin id="281" dir="1" index="3" bw="8" slack="0"/>
</pin_list>
<bind>
<opcode="select(49) " fcode="select"/>
<opset="y_8/5 "/>
</bind>
</comp>

<comp id="285" class="1004" name="y_9_fu_285">
<pin_list>
<pin id="286" dir="0" index="0" bw="8" slack="0"/>
<pin id="287" dir="0" index="1" bw="1" slack="0"/>
<pin id="288" dir="1" index="2" bw="8" slack="0"/>
</pin_list>
<bind>
<opcode="shl(20) " fcode="shl"/>
<opset="y_9/5 "/>
</bind>
</comp>

<comp id="291" class="1004" name="tmp_21_fu_291">
<pin_list>
<pin id="292" dir="0" index="0" bw="1" slack="0"/>
<pin id="293" dir="0" index="1" bw="8" slack="0"/>
<pin id="294" dir="0" index="2" bw="4" slack="0"/>
<pin id="295" dir="1" index="3" bw="1" slack="0"/>
</pin_list>
<bind>
<opcode="bitselect(1000) " fcode="bitselect"/>
<opset="tmp_21/5 "/>
</bind>
</comp>

<comp id="299" class="1004" name="tmp_1_i4_fu_299">
<pin_list>
<pin id="300" dir="0" index="0" bw="8" slack="0"/>
<pin id="301" dir="0" index="1" bw="6" slack="0"/>
<pin id="302" dir="1" index="2" bw="8" slack="0"/>
</pin_list>
<bind>
<opcode="xor(25) " fcode="xor"/>
<opset="tmp_1_i4/5 "/>
</bind>
</comp>

<comp id="305" class="1004" name="y_10_fu_305">
<pin_list>
<pin id="306" dir="0" index="0" bw="1" slack="0"/>
<pin id="307" dir="0" index="1" bw="8" slack="0"/>
<pin id="308" dir="0" index="2" bw="8" slack="0"/>
<pin id="309" dir="1" index="3" bw="8" slack="0"/>
</pin_list>
<bind>
<opcode="select(49) " fcode="select"/>
<opset="y_10/5 "/>
</bind>
</comp>

<comp id="313" class="1004" name="y_fu_313">
<pin_list>
<pin id="314" dir="0" index="0" bw="8" slack="0"/>
<pin id="315" dir="0" index="1" bw="8" slack="1"/>
<pin id="316" dir="1" index="2" bw="8" slack="0"/>
</pin_list>
<bind>
<opcode="xor(25) " fcode="xor"/>
<opset="y/5 "/>
</bind>
</comp>

<comp id="318" class="1004" name="y_11_fu_318">
<pin_list>
<pin id="319" dir="0" index="0" bw="8" slack="1"/>
<pin id="320" dir="0" index="1" bw="1" slack="0"/>
<pin id="321" dir="1" index="2" bw="8" slack="0"/>
</pin_list>
<bind>
<opcode="shl(20) " fcode="shl"/>
<opset="y_11/5 "/>
</bind>
</comp>

<comp id="323" class="1004" name="tmp_23_fu_323">
<pin_list>
<pin id="324" dir="0" index="0" bw="1" slack="0"/>
<pin id="325" dir="0" index="1" bw="8" slack="1"/>
<pin id="326" dir="0" index="2" bw="4" slack="0"/>
<pin id="327" dir="1" index="3" bw="1" slack="0"/>
</pin_list>
<bind>
<opcode="bitselect(1000) " fcode="bitselect"/>
<opset="tmp_23/5 "/>
</bind>
</comp>

<comp id="330" class="1004" name="tmp_1_i5_fu_330">
<pin_list>
<pin id="331" dir="0" index="0" bw="8" slack="0"/>
<pin id="332" dir="0" index="1" bw="6" slack="0"/>
<pin id="333" dir="1" index="2" bw="8" slack="0"/>
</pin_list>
<bind>
<opcode="xor(25) " fcode="xor"/>
<opset="tmp_1_i5/5 "/>
</bind>
</comp>

<comp id="336" class="1004" name="y_12_fu_336">
<pin_list>
<pin id="337" dir="0" index="0" bw="1" slack="0"/>
<pin id="338" dir="0" index="1" bw="8" slack="0"/>
<pin id="339" dir="0" index="2" bw="8" slack="0"/>
<pin id="340" dir="1" index="3" bw="8" slack="0"/>
</pin_list>
<bind>
<opcode="select(49) " fcode="select"/>
<opset="y_12/5 "/>
</bind>
</comp>

<comp id="344" class="1004" name="tmp4_fu_344">
<pin_list>
<pin id="345" dir="0" index="0" bw="8" slack="0"/>
<pin id="346" dir="0" index="1" bw="8" slack="0"/>
<pin id="347" dir="1" index="2" bw="8" slack="0"/>
</pin_list>
<bind>
<opcode="xor(25) " fcode="xor"/>
<opset="tmp4/5 "/>
</bind>
</comp>

<comp id="350" class="1004" name="tmp_5_fu_350">
<pin_list>
<pin id="351" dir="0" index="0" bw="8" slack="0"/>
<pin id="352" dir="0" index="1" bw="8" slack="2"/>
<pin id="353" dir="1" index="2" bw="8" slack="1"/>
</pin_list>
<bind>
<opcode="xor(25) " fcode="xor"/>
<opset="tmp_5/5 "/>
</bind>
</comp>

<comp id="355" class="1004" name="x_assign_6_fu_355">
<pin_list>
<pin id="356" dir="0" index="0" bw="8" slack="1"/>
<pin id="357" dir="0" index="1" bw="8" slack="2"/>
<pin id="358" dir="1" index="2" bw="8" slack="0"/>
</pin_list>
<bind>
<opcode="xor(25) " fcode="xor"/>
<opset="x_assign_6/5 "/>
</bind>
</comp>

<comp id="359" class="1004" name="y_13_fu_359">
<pin_list>
<pin id="360" dir="0" index="0" bw="8" slack="0"/>
<pin id="361" dir="0" index="1" bw="1" slack="0"/>
<pin id="362" dir="1" index="2" bw="8" slack="0"/>
</pin_list>
<bind>
<opcode="shl(20) " fcode="shl"/>
<opset="y_13/5 "/>
</bind>
</comp>

<comp id="365" class="1004" name="tmp_25_fu_365">
<pin_list>
<pin id="366" dir="0" index="0" bw="1" slack="0"/>
<pin id="367" dir="0" index="1" bw="8" slack="0"/>
<pin id="368" dir="0" index="2" bw="4" slack="0"/>
<pin id="369" dir="1" index="3" bw="1" slack="0"/>
</pin_list>
<bind>
<opcode="bitselect(1000) " fcode="bitselect"/>
<opset="tmp_25/5 "/>
</bind>
</comp>

<comp id="373" class="1004" name="tmp_1_i6_fu_373">
<pin_list>
<pin id="374" dir="0" index="0" bw="8" slack="0"/>
<pin id="375" dir="0" index="1" bw="6" slack="0"/>
<pin id="376" dir="1" index="2" bw="8" slack="0"/>
</pin_list>
<bind>
<opcode="xor(25) " fcode="xor"/>
<opset="tmp_1_i6/5 "/>
</bind>
</comp>

<comp id="379" class="1004" name="y_14_fu_379">
<pin_list>
<pin id="380" dir="0" index="0" bw="1" slack="0"/>
<pin id="381" dir="0" index="1" bw="8" slack="0"/>
<pin id="382" dir="0" index="2" bw="8" slack="0"/>
<pin id="383" dir="1" index="3" bw="8" slack="0"/>
</pin_list>
<bind>
<opcode="select(49) " fcode="select"/>
<opset="y_14/5 "/>
</bind>
</comp>

<comp id="387" class="1004" name="tmp5_fu_387">
<pin_list>
<pin id="388" dir="0" index="0" bw="8" slack="0"/>
<pin id="389" dir="0" index="1" bw="8" slack="0"/>
<pin id="390" dir="1" index="2" bw="8" slack="0"/>
</pin_list>
<bind>
<opcode="xor(25) " fcode="xor"/>
<opset="tmp5/5 "/>
</bind>
</comp>

<comp id="393" class="1004" name="tmp_6_fu_393">
<pin_list>
<pin id="394" dir="0" index="0" bw="8" slack="0"/>
<pin id="395" dir="0" index="1" bw="8" slack="2"/>
<pin id="396" dir="1" index="2" bw="8" slack="1"/>
</pin_list>
<bind>
<opcode="xor(25) " fcode="xor"/>
<opset="tmp_6/5 "/>
</bind>
</comp>

<comp id="398" class="1004" name="x_assign_7_fu_398">
<pin_list>
<pin id="399" dir="0" index="0" bw="8" slack="1"/>
<pin id="400" dir="0" index="1" bw="8" slack="1"/>
<pin id="401" dir="1" index="2" bw="8" slack="0"/>
</pin_list>
<bind>
<opcode="xor(25) " fcode="xor"/>
<opset="x_assign_7/5 "/>
</bind>
</comp>

<comp id="402" class="1004" name="y_15_fu_402">
<pin_list>
<pin id="403" dir="0" index="0" bw="8" slack="0"/>
<pin id="404" dir="0" index="1" bw="1" slack="0"/>
<pin id="405" dir="1" index="2" bw="8" slack="0"/>
</pin_list>
<bind>
<opcode="shl(20) " fcode="shl"/>
<opset="y_15/5 "/>
</bind>
</comp>

<comp id="408" class="1004" name="tmp_27_fu_408">
<pin_list>
<pin id="409" dir="0" index="0" bw="1" slack="0"/>
<pin id="410" dir="0" index="1" bw="8" slack="0"/>
<pin id="411" dir="0" index="2" bw="4" slack="0"/>
<pin id="412" dir="1" index="3" bw="1" slack="0"/>
</pin_list>
<bind>
<opcode="bitselect(1000) " fcode="bitselect"/>
<opset="tmp_27/5 "/>
</bind>
</comp>

<comp id="416" class="1004" name="tmp_1_i7_fu_416">
<pin_list>
<pin id="417" dir="0" index="0" bw="8" slack="0"/>
<pin id="418" dir="0" index="1" bw="6" slack="0"/>
<pin id="419" dir="1" index="2" bw="8" slack="0"/>
</pin_list>
<bind>
<opcode="xor(25) " fcode="xor"/>
<opset="tmp_1_i7/5 "/>
</bind>
</comp>

<comp id="422" class="1004" name="y_16_fu_422">
<pin_list>
<pin id="423" dir="0" index="0" bw="1" slack="0"/>
<pin id="424" dir="0" index="1" bw="8" slack="0"/>
<pin id="425" dir="0" index="2" bw="8" slack="0"/>
<pin id="426" dir="1" index="3" bw="8" slack="0"/>
</pin_list>
<bind>
<opcode="select(49) " fcode="select"/>
<opset="y_16/5 "/>
</bind>
</comp>

<comp id="430" class="1004" name="tmp6_fu_430">
<pin_list>
<pin id="431" dir="0" index="0" bw="8" slack="0"/>
<pin id="432" dir="0" index="1" bw="8" slack="0"/>
<pin id="433" dir="1" index="2" bw="8" slack="0"/>
</pin_list>
<bind>
<opcode="xor(25) " fcode="xor"/>
<opset="tmp6/5 "/>
</bind>
</comp>

<comp id="436" class="1004" name="tmp_8_fu_436">
<pin_list>
<pin id="437" dir="0" index="0" bw="8" slack="0"/>
<pin id="438" dir="0" index="1" bw="8" slack="1"/>
<pin id="439" dir="1" index="2" bw="8" slack="2"/>
</pin_list>
<bind>
<opcode="xor(25) " fcode="xor"/>
<opset="tmp_8/5 "/>
</bind>
</comp>

<comp id="441" class="1004" name="x_assign_8_fu_441">
<pin_list>
<pin id="442" dir="0" index="0" bw="8" slack="1"/>
<pin id="443" dir="0" index="1" bw="8" slack="2"/>
<pin id="444" dir="1" index="2" bw="8" slack="0"/>
</pin_list>
<bind>
<opcode="xor(25) " fcode="xor"/>
<opset="x_assign_8/5 "/>
</bind>
</comp>

<comp id="445" class="1004" name="y_17_fu_445">
<pin_list>
<pin id="446" dir="0" index="0" bw="8" slack="0"/>
<pin id="447" dir="0" index="1" bw="1" slack="0"/>
<pin id="448" dir="1" index="2" bw="8" slack="0"/>
</pin_list>
<bind>
<opcode="shl(20) " fcode="shl"/>
<opset="y_17/5 "/>
</bind>
</comp>

<comp id="451" class="1004" name="tmp_29_fu_451">
<pin_list>
<pin id="452" dir="0" index="0" bw="1" slack="0"/>
<pin id="453" dir="0" index="1" bw="8" slack="0"/>
<pin id="454" dir="0" index="2" bw="4" slack="0"/>
<pin id="455" dir="1" index="3" bw="1" slack="0"/>
</pin_list>
<bind>
<opcode="bitselect(1000) " fcode="bitselect"/>
<opset="tmp_29/5 "/>
</bind>
</comp>

<comp id="459" class="1004" name="tmp_1_i8_fu_459">
<pin_list>
<pin id="460" dir="0" index="0" bw="8" slack="0"/>
<pin id="461" dir="0" index="1" bw="6" slack="0"/>
<pin id="462" dir="1" index="2" bw="8" slack="0"/>
</pin_list>
<bind>
<opcode="xor(25) " fcode="xor"/>
<opset="tmp_1_i8/5 "/>
</bind>
</comp>

<comp id="465" class="1004" name="y_18_fu_465">
<pin_list>
<pin id="466" dir="0" index="0" bw="1" slack="0"/>
<pin id="467" dir="0" index="1" bw="8" slack="0"/>
<pin id="468" dir="0" index="2" bw="8" slack="0"/>
<pin id="469" dir="1" index="3" bw="8" slack="0"/>
</pin_list>
<bind>
<opcode="select(49) " fcode="select"/>
<opset="y_18/5 "/>
</bind>
</comp>

<comp id="473" class="1004" name="tmp7_fu_473">
<pin_list>
<pin id="474" dir="0" index="0" bw="8" slack="0"/>
<pin id="475" dir="0" index="1" bw="8" slack="0"/>
<pin id="476" dir="1" index="2" bw="8" slack="0"/>
</pin_list>
<bind>
<opcode="xor(25) " fcode="xor"/>
<opset="tmp7/5 "/>
</bind>
</comp>

<comp id="479" class="1004" name="tmp_10_fu_479">
<pin_list>
<pin id="480" dir="0" index="0" bw="8" slack="0"/>
<pin id="481" dir="0" index="1" bw="8" slack="1"/>
<pin id="482" dir="1" index="2" bw="8" slack="2"/>
</pin_list>
<bind>
<opcode="xor(25) " fcode="xor"/>
<opset="tmp_10/5 "/>
</bind>
</comp>

<comp id="487" class="1005" name="buf_addr_reg_487">
<pin_list>
<pin id="488" dir="0" index="0" bw="4" slack="1"/>
<pin id="489" dir="1" index="1" bw="4" slack="1"/>
</pin_list>
<bind>
<opset="buf_addr "/>
</bind>
</comp>

<comp id="492" class="1005" name="tmp_11_reg_492">
<pin_list>
<pin id="493" dir="0" index="0" bw="4" slack="1"/>
<pin id="494" dir="1" index="1" bw="4" slack="1"/>
</pin_list>
<bind>
<opset="tmp_11 "/>
</bind>
</comp>

<comp id="498" class="1005" name="buf_addr_1_reg_498">
<pin_list>
<pin id="499" dir="0" index="0" bw="4" slack="1"/>
<pin id="500" dir="1" index="1" bw="4" slack="1"/>
</pin_list>
<bind>
<opset="buf_addr_1 "/>
</bind>
</comp>

<comp id="503" class="1005" name="i_1_reg_503">
<pin_list>
<pin id="504" dir="0" index="0" bw="5" slack="0"/>
<pin id="505" dir="1" index="1" bw="5" slack="0"/>
</pin_list>
<bind>
<opset="i_1 "/>
</bind>
</comp>

<comp id="508" class="1005" name="a_reg_508">
<pin_list>
<pin id="509" dir="0" index="0" bw="8" slack="1"/>
<pin id="510" dir="1" index="1" bw="8" slack="1"/>
</pin_list>
<bind>
<opset="a "/>
</bind>
</comp>

<comp id="516" class="1005" name="b_reg_516">
<pin_list>
<pin id="517" dir="0" index="0" bw="8" slack="1"/>
<pin id="518" dir="1" index="1" bw="8" slack="1"/>
</pin_list>
<bind>
<opset="b "/>
</bind>
</comp>

<comp id="524" class="1005" name="buf_addr_2_reg_524">
<pin_list>
<pin id="525" dir="0" index="0" bw="4" slack="1"/>
<pin id="526" dir="1" index="1" bw="4" slack="1"/>
</pin_list>
<bind>
<opset="buf_addr_2 "/>
</bind>
</comp>

<comp id="529" class="1005" name="buf_addr_3_reg_529">
<pin_list>
<pin id="530" dir="0" index="0" bw="4" slack="1"/>
<pin id="531" dir="1" index="1" bw="4" slack="1"/>
</pin_list>
<bind>
<opset="buf_addr_3 "/>
</bind>
</comp>

<comp id="534" class="1005" name="c_reg_534">
<pin_list>
<pin id="535" dir="0" index="0" bw="8" slack="1"/>
<pin id="536" dir="1" index="1" bw="8" slack="1"/>
</pin_list>
<bind>
<opset="c "/>
</bind>
</comp>

<comp id="542" class="1005" name="d_reg_542">
<pin_list>
<pin id="543" dir="0" index="0" bw="8" slack="1"/>
<pin id="544" dir="1" index="1" bw="8" slack="1"/>
</pin_list>
<bind>
<opset="d "/>
</bind>
</comp>

<comp id="550" class="1005" name="x_assign_5_reg_550">
<pin_list>
<pin id="551" dir="0" index="0" bw="8" slack="1"/>
<pin id="552" dir="1" index="1" bw="8" slack="1"/>
</pin_list>
<bind>
<opset="x_assign_5 "/>
</bind>
</comp>

<comp id="556" class="1005" name="e_reg_556">
<pin_list>
<pin id="557" dir="0" index="0" bw="8" slack="1"/>
<pin id="558" dir="1" index="1" bw="8" slack="1"/>
</pin_list>
<bind>
<opset="e "/>
</bind>
</comp>

<comp id="562" class="1005" name="y_19_reg_562">
<pin_list>
<pin id="563" dir="0" index="0" bw="8" slack="1"/>
<pin id="564" dir="1" index="1" bw="8" slack="1"/>
</pin_list>
<bind>
<opset="y_19 "/>
</bind>
</comp>

<comp id="568" class="1005" name="tmp_5_reg_568">
<pin_list>
<pin id="569" dir="0" index="0" bw="8" slack="1"/>
<pin id="570" dir="1" index="1" bw="8" slack="1"/>
</pin_list>
<bind>
<opset="tmp_5 "/>
</bind>
</comp>

<comp id="573" class="1005" name="tmp_6_reg_573">
<pin_list>
<pin id="574" dir="0" index="0" bw="8" slack="1"/>
<pin id="575" dir="1" index="1" bw="8" slack="1"/>
</pin_list>
<bind>
<opset="tmp_6 "/>
</bind>
</comp>

<comp id="578" class="1005" name="tmp_8_reg_578">
<pin_list>
<pin id="579" dir="0" index="0" bw="8" slack="2"/>
<pin id="580" dir="1" index="1" bw="8" slack="2"/>
</pin_list>
<bind>
<opset="tmp_8 "/>
</bind>
</comp>

<comp id="583" class="1005" name="tmp_10_reg_583">
<pin_list>
<pin id="584" dir="0" index="0" bw="8" slack="2"/>
<pin id="585" dir="1" index="1" bw="8" slack="2"/>
</pin_list>
<bind>
<opset="tmp_10 "/>
</bind>
</comp>

</comp_list>

<net_list>
<net id="35"><net_src comp="0" pin="0"/><net_sink comp="30" pin=0"/></net>

<net id="36"><net_src comp="12" pin="0"/><net_sink comp="30" pin=1"/></net>

<net id="41"><net_src comp="30" pin="3"/><net_sink comp="37" pin=0"/></net>

<net id="47"><net_src comp="0" pin="0"/><net_sink comp="42" pin=0"/></net>

<net id="48"><net_src comp="12" pin="0"/><net_sink comp="42" pin=1"/></net>

<net id="52"><net_src comp="42" pin="3"/><net_sink comp="37" pin=3"/></net>

<net id="58"><net_src comp="0" pin="0"/><net_sink comp="53" pin=0"/></net>

<net id="59"><net_src comp="12" pin="0"/><net_sink comp="53" pin=1"/></net>

<net id="60"><net_src comp="53" pin="3"/><net_sink comp="37" pin=0"/></net>

<net id="66"><net_src comp="0" pin="0"/><net_sink comp="61" pin=0"/></net>

<net id="67"><net_src comp="12" pin="0"/><net_sink comp="61" pin=1"/></net>

<net id="68"><net_src comp="61" pin="3"/><net_sink comp="37" pin=3"/></net>

<net id="72"><net_src comp="2" pin="0"/><net_sink comp="69" pin=0"/></net>

<net id="79"><net_src comp="69" pin="1"/><net_sink comp="73" pin=0"/></net>

<net id="85"><net_src comp="4" pin="0"/><net_sink comp="80" pin=0"/></net>

<net id="86"><net_src comp="73" pin="4"/><net_sink comp="80" pin=1"/></net>

<net id="87"><net_src comp="6" pin="0"/><net_sink comp="80" pin=2"/></net>

<net id="91"><net_src comp="73" pin="4"/><net_sink comp="88" pin=0"/></net>

<net id="92"><net_src comp="88" pin="1"/><net_sink comp="30" pin=2"/></net>

<net id="96"><net_src comp="73" pin="4"/><net_sink comp="93" pin=0"/></net>

<net id="101"><net_src comp="93" pin="1"/><net_sink comp="97" pin=0"/></net>

<net id="102"><net_src comp="14" pin="0"/><net_sink comp="97" pin=1"/></net>

<net id="106"><net_src comp="97" pin="2"/><net_sink comp="103" pin=0"/></net>

<net id="107"><net_src comp="103" pin="1"/><net_sink comp="42" pin=2"/></net>

<net id="112"><net_src comp="16" pin="0"/><net_sink comp="108" pin=0"/></net>

<net id="113"><net_src comp="73" pin="4"/><net_sink comp="108" pin=1"/></net>

<net id="118"><net_src comp="18" pin="0"/><net_sink comp="114" pin=1"/></net>

<net id="122"><net_src comp="114" pin="2"/><net_sink comp="119" pin=0"/></net>

<net id="123"><net_src comp="119" pin="1"/><net_sink comp="53" pin=2"/></net>

<net id="128"><net_src comp="20" pin="0"/><net_sink comp="124" pin=1"/></net>

<net id="132"><net_src comp="124" pin="2"/><net_sink comp="129" pin=0"/></net>

<net id="133"><net_src comp="129" pin="1"/><net_sink comp="61" pin=2"/></net>

<net id="142"><net_src comp="37" pin="5"/><net_sink comp="138" pin=0"/></net>

<net id="143"><net_src comp="134" pin="2"/><net_sink comp="138" pin=1"/></net>

<net id="148"><net_src comp="138" pin="2"/><net_sink comp="144" pin=0"/></net>

<net id="149"><net_src comp="37" pin="2"/><net_sink comp="144" pin=1"/></net>

<net id="154"><net_src comp="144" pin="2"/><net_sink comp="150" pin=0"/></net>

<net id="155"><net_src comp="22" pin="0"/><net_sink comp="150" pin=1"/></net>

<net id="161"><net_src comp="24" pin="0"/><net_sink comp="156" pin=0"/></net>

<net id="162"><net_src comp="144" pin="2"/><net_sink comp="156" pin=1"/></net>

<net id="163"><net_src comp="26" pin="0"/><net_sink comp="156" pin=2"/></net>

<net id="168"><net_src comp="150" pin="2"/><net_sink comp="164" pin=0"/></net>

<net id="169"><net_src comp="28" pin="0"/><net_sink comp="164" pin=1"/></net>

<net id="175"><net_src comp="156" pin="3"/><net_sink comp="170" pin=0"/></net>

<net id="176"><net_src comp="164" pin="2"/><net_sink comp="170" pin=1"/></net>

<net id="177"><net_src comp="150" pin="2"/><net_sink comp="170" pin=2"/></net>

<net id="186"><net_src comp="178" pin="2"/><net_sink comp="182" pin=0"/></net>

<net id="191"><net_src comp="182" pin="2"/><net_sink comp="187" pin=0"/></net>

<net id="192"><net_src comp="22" pin="0"/><net_sink comp="187" pin=1"/></net>

<net id="198"><net_src comp="24" pin="0"/><net_sink comp="193" pin=0"/></net>

<net id="199"><net_src comp="182" pin="2"/><net_sink comp="193" pin=1"/></net>

<net id="200"><net_src comp="26" pin="0"/><net_sink comp="193" pin=2"/></net>

<net id="205"><net_src comp="187" pin="2"/><net_sink comp="201" pin=0"/></net>

<net id="206"><net_src comp="28" pin="0"/><net_sink comp="201" pin=1"/></net>

<net id="212"><net_src comp="193" pin="3"/><net_sink comp="207" pin=0"/></net>

<net id="213"><net_src comp="201" pin="2"/><net_sink comp="207" pin=1"/></net>

<net id="214"><net_src comp="187" pin="2"/><net_sink comp="207" pin=2"/></net>

<net id="219"><net_src comp="207" pin="3"/><net_sink comp="215" pin=0"/></net>

<net id="220"><net_src comp="22" pin="0"/><net_sink comp="215" pin=1"/></net>

<net id="226"><net_src comp="24" pin="0"/><net_sink comp="221" pin=0"/></net>

<net id="227"><net_src comp="207" pin="3"/><net_sink comp="221" pin=1"/></net>

<net id="228"><net_src comp="26" pin="0"/><net_sink comp="221" pin=2"/></net>

<net id="233"><net_src comp="215" pin="2"/><net_sink comp="229" pin=0"/></net>

<net id="234"><net_src comp="28" pin="0"/><net_sink comp="229" pin=1"/></net>

<net id="240"><net_src comp="221" pin="3"/><net_sink comp="235" pin=0"/></net>

<net id="241"><net_src comp="229" pin="2"/><net_sink comp="235" pin=1"/></net>

<net id="242"><net_src comp="215" pin="2"/><net_sink comp="235" pin=2"/></net>

<net id="247"><net_src comp="235" pin="3"/><net_sink comp="243" pin=0"/></net>

<net id="256"><net_src comp="248" pin="2"/><net_sink comp="252" pin=0"/></net>

<net id="261"><net_src comp="252" pin="2"/><net_sink comp="257" pin=0"/></net>

<net id="262"><net_src comp="22" pin="0"/><net_sink comp="257" pin=1"/></net>

<net id="268"><net_src comp="24" pin="0"/><net_sink comp="263" pin=0"/></net>

<net id="269"><net_src comp="252" pin="2"/><net_sink comp="263" pin=1"/></net>

<net id="270"><net_src comp="26" pin="0"/><net_sink comp="263" pin=2"/></net>

<net id="275"><net_src comp="257" pin="2"/><net_sink comp="271" pin=0"/></net>

<net id="276"><net_src comp="28" pin="0"/><net_sink comp="271" pin=1"/></net>

<net id="282"><net_src comp="263" pin="3"/><net_sink comp="277" pin=0"/></net>

<net id="283"><net_src comp="271" pin="2"/><net_sink comp="277" pin=1"/></net>

<net id="284"><net_src comp="257" pin="2"/><net_sink comp="277" pin=2"/></net>

<net id="289"><net_src comp="277" pin="3"/><net_sink comp="285" pin=0"/></net>

<net id="290"><net_src comp="22" pin="0"/><net_sink comp="285" pin=1"/></net>

<net id="296"><net_src comp="24" pin="0"/><net_sink comp="291" pin=0"/></net>

<net id="297"><net_src comp="277" pin="3"/><net_sink comp="291" pin=1"/></net>

<net id="298"><net_src comp="26" pin="0"/><net_sink comp="291" pin=2"/></net>

<net id="303"><net_src comp="285" pin="2"/><net_sink comp="299" pin=0"/></net>

<net id="304"><net_src comp="28" pin="0"/><net_sink comp="299" pin=1"/></net>

<net id="310"><net_src comp="291" pin="3"/><net_sink comp="305" pin=0"/></net>

<net id="311"><net_src comp="299" pin="2"/><net_sink comp="305" pin=1"/></net>

<net id="312"><net_src comp="285" pin="2"/><net_sink comp="305" pin=2"/></net>

<net id="317"><net_src comp="305" pin="3"/><net_sink comp="313" pin=0"/></net>

<net id="322"><net_src comp="22" pin="0"/><net_sink comp="318" pin=1"/></net>

<net id="328"><net_src comp="24" pin="0"/><net_sink comp="323" pin=0"/></net>

<net id="329"><net_src comp="26" pin="0"/><net_sink comp="323" pin=2"/></net>

<net id="334"><net_src comp="318" pin="2"/><net_sink comp="330" pin=0"/></net>

<net id="335"><net_src comp="28" pin="0"/><net_sink comp="330" pin=1"/></net>

<net id="341"><net_src comp="323" pin="3"/><net_sink comp="336" pin=0"/></net>

<net id="342"><net_src comp="330" pin="2"/><net_sink comp="336" pin=1"/></net>

<net id="343"><net_src comp="318" pin="2"/><net_sink comp="336" pin=2"/></net>

<net id="348"><net_src comp="336" pin="3"/><net_sink comp="344" pin=0"/></net>

<net id="349"><net_src comp="243" pin="2"/><net_sink comp="344" pin=1"/></net>

<net id="354"><net_src comp="344" pin="2"/><net_sink comp="350" pin=0"/></net>

<net id="363"><net_src comp="355" pin="2"/><net_sink comp="359" pin=0"/></net>

<net id="364"><net_src comp="22" pin="0"/><net_sink comp="359" pin=1"/></net>

<net id="370"><net_src comp="24" pin="0"/><net_sink comp="365" pin=0"/></net>

<net id="371"><net_src comp="355" pin="2"/><net_sink comp="365" pin=1"/></net>

<net id="372"><net_src comp="26" pin="0"/><net_sink comp="365" pin=2"/></net>

<net id="377"><net_src comp="359" pin="2"/><net_sink comp="373" pin=0"/></net>

<net id="378"><net_src comp="28" pin="0"/><net_sink comp="373" pin=1"/></net>

<net id="384"><net_src comp="365" pin="3"/><net_sink comp="379" pin=0"/></net>

<net id="385"><net_src comp="373" pin="2"/><net_sink comp="379" pin=1"/></net>

<net id="386"><net_src comp="359" pin="2"/><net_sink comp="379" pin=2"/></net>

<net id="391"><net_src comp="379" pin="3"/><net_sink comp="387" pin=0"/></net>

<net id="392"><net_src comp="313" pin="2"/><net_sink comp="387" pin=1"/></net>

<net id="397"><net_src comp="387" pin="2"/><net_sink comp="393" pin=0"/></net>

<net id="406"><net_src comp="398" pin="2"/><net_sink comp="402" pin=0"/></net>

<net id="407"><net_src comp="22" pin="0"/><net_sink comp="402" pin=1"/></net>

<net id="413"><net_src comp="24" pin="0"/><net_sink comp="408" pin=0"/></net>

<net id="414"><net_src comp="398" pin="2"/><net_sink comp="408" pin=1"/></net>

<net id="415"><net_src comp="26" pin="0"/><net_sink comp="408" pin=2"/></net>

<net id="420"><net_src comp="402" pin="2"/><net_sink comp="416" pin=0"/></net>

<net id="421"><net_src comp="28" pin="0"/><net_sink comp="416" pin=1"/></net>

<net id="427"><net_src comp="408" pin="3"/><net_sink comp="422" pin=0"/></net>

<net id="428"><net_src comp="416" pin="2"/><net_sink comp="422" pin=1"/></net>

<net id="429"><net_src comp="402" pin="2"/><net_sink comp="422" pin=2"/></net>

<net id="434"><net_src comp="422" pin="3"/><net_sink comp="430" pin=0"/></net>

<net id="435"><net_src comp="243" pin="2"/><net_sink comp="430" pin=1"/></net>

<net id="440"><net_src comp="430" pin="2"/><net_sink comp="436" pin=0"/></net>

<net id="449"><net_src comp="441" pin="2"/><net_sink comp="445" pin=0"/></net>

<net id="450"><net_src comp="22" pin="0"/><net_sink comp="445" pin=1"/></net>

<net id="456"><net_src comp="24" pin="0"/><net_sink comp="451" pin=0"/></net>

<net id="457"><net_src comp="441" pin="2"/><net_sink comp="451" pin=1"/></net>

<net id="458"><net_src comp="26" pin="0"/><net_sink comp="451" pin=2"/></net>

<net id="463"><net_src comp="445" pin="2"/><net_sink comp="459" pin=0"/></net>

<net id="464"><net_src comp="28" pin="0"/><net_sink comp="459" pin=1"/></net>

<net id="470"><net_src comp="451" pin="3"/><net_sink comp="465" pin=0"/></net>

<net id="471"><net_src comp="459" pin="2"/><net_sink comp="465" pin=1"/></net>

<net id="472"><net_src comp="445" pin="2"/><net_sink comp="465" pin=2"/></net>

<net id="477"><net_src comp="465" pin="3"/><net_sink comp="473" pin=0"/></net>

<net id="478"><net_src comp="313" pin="2"/><net_sink comp="473" pin=1"/></net>

<net id="483"><net_src comp="473" pin="2"/><net_sink comp="479" pin=0"/></net>

<net id="490"><net_src comp="30" pin="3"/><net_sink comp="487" pin=0"/></net>

<net id="491"><net_src comp="487" pin="1"/><net_sink comp="37" pin=0"/></net>

<net id="495"><net_src comp="93" pin="1"/><net_sink comp="492" pin=0"/></net>

<net id="496"><net_src comp="492" pin="1"/><net_sink comp="114" pin=0"/></net>

<net id="497"><net_src comp="492" pin="1"/><net_sink comp="124" pin=0"/></net>

<net id="501"><net_src comp="42" pin="3"/><net_sink comp="498" pin=0"/></net>

<net id="502"><net_src comp="498" pin="1"/><net_sink comp="37" pin=3"/></net>

<net id="506"><net_src comp="108" pin="2"/><net_sink comp="503" pin=0"/></net>

<net id="507"><net_src comp="503" pin="1"/><net_sink comp="73" pin=2"/></net>

<net id="511"><net_src comp="37" pin="2"/><net_sink comp="508" pin=0"/></net>

<net id="512"><net_src comp="508" pin="1"/><net_sink comp="134" pin=1"/></net>

<net id="513"><net_src comp="508" pin="1"/><net_sink comp="178" pin=0"/></net>

<net id="514"><net_src comp="508" pin="1"/><net_sink comp="350" pin=1"/></net>

<net id="515"><net_src comp="508" pin="1"/><net_sink comp="441" pin=1"/></net>

<net id="519"><net_src comp="37" pin="5"/><net_sink comp="516" pin=0"/></net>

<net id="520"><net_src comp="516" pin="1"/><net_sink comp="134" pin=0"/></net>

<net id="521"><net_src comp="516" pin="1"/><net_sink comp="248" pin=0"/></net>

<net id="522"><net_src comp="516" pin="1"/><net_sink comp="355" pin=1"/></net>

<net id="523"><net_src comp="516" pin="1"/><net_sink comp="393" pin=1"/></net>

<net id="527"><net_src comp="53" pin="3"/><net_sink comp="524" pin=0"/></net>

<net id="528"><net_src comp="524" pin="1"/><net_sink comp="37" pin=0"/></net>

<net id="532"><net_src comp="61" pin="3"/><net_sink comp="529" pin=0"/></net>

<net id="533"><net_src comp="529" pin="1"/><net_sink comp="37" pin=3"/></net>

<net id="537"><net_src comp="37" pin="2"/><net_sink comp="534" pin=0"/></net>

<net id="538"><net_src comp="534" pin="1"/><net_sink comp="182" pin=1"/></net>

<net id="539"><net_src comp="534" pin="1"/><net_sink comp="355" pin=0"/></net>

<net id="540"><net_src comp="534" pin="1"/><net_sink comp="398" pin=1"/></net>

<net id="541"><net_src comp="534" pin="1"/><net_sink comp="436" pin=1"/></net>

<net id="545"><net_src comp="37" pin="5"/><net_sink comp="542" pin=0"/></net>

<net id="546"><net_src comp="542" pin="1"/><net_sink comp="252" pin=1"/></net>

<net id="547"><net_src comp="542" pin="1"/><net_sink comp="398" pin=0"/></net>

<net id="548"><net_src comp="542" pin="1"/><net_sink comp="441" pin=0"/></net>

<net id="549"><net_src comp="542" pin="1"/><net_sink comp="479" pin=1"/></net>

<net id="553"><net_src comp="134" pin="2"/><net_sink comp="550" pin=0"/></net>

<net id="554"><net_src comp="550" pin="1"/><net_sink comp="318" pin=0"/></net>

<net id="555"><net_src comp="550" pin="1"/><net_sink comp="323" pin=1"/></net>

<net id="559"><net_src comp="144" pin="2"/><net_sink comp="556" pin=0"/></net>

<net id="560"><net_src comp="556" pin="1"/><net_sink comp="243" pin=1"/></net>

<net id="561"><net_src comp="556" pin="1"/><net_sink comp="313" pin=1"/></net>

<net id="565"><net_src comp="170" pin="3"/><net_sink comp="562" pin=0"/></net>

<net id="566"><net_src comp="562" pin="1"/><net_sink comp="178" pin=1"/></net>

<net id="567"><net_src comp="562" pin="1"/><net_sink comp="248" pin=1"/></net>

<net id="571"><net_src comp="350" pin="2"/><net_sink comp="568" pin=0"/></net>

<net id="572"><net_src comp="568" pin="1"/><net_sink comp="37" pin=1"/></net>

<net id="576"><net_src comp="393" pin="2"/><net_sink comp="573" pin=0"/></net>

<net id="577"><net_src comp="573" pin="1"/><net_sink comp="37" pin=4"/></net>

<net id="581"><net_src comp="436" pin="2"/><net_sink comp="578" pin=0"/></net>

<net id="582"><net_src comp="578" pin="1"/><net_sink comp="37" pin=1"/></net>

<net id="586"><net_src comp="479" pin="2"/><net_sink comp="583" pin=0"/></net>

<net id="587"><net_src comp="583" pin="1"/><net_sink comp="37" pin=4"/></net>

</net_list>

</model> 
---------------- Datapath Model END ------------------

* FSMD analyzer results:
  - Output states:
	Port: buf_r | {6 7 }
 - Input state : 
	Port: aes_mixColumns_inv : buf_r | {2 3 4 }
  - Chain level:
	State 1
	State 2
		tmp : 1
		StgValue_12 : 2
		tmp_7 : 1
		buf_addr : 2
		a : 3
		tmp_11 : 1
		tmp_9 : 2
		tmp_s : 2
		buf_addr_1 : 3
		b : 4
		i_1 : 1
	State 3
		buf_addr_2 : 1
		c : 2
		buf_addr_3 : 1
		d : 2
	State 4
	State 5
		y_5 : 1
		tmp_17 : 1
		tmp_1_i2 : 1
		y_6 : 1
		x : 2
		y_9 : 1
		tmp_21 : 1
		tmp_1_i4 : 1
		y_10 : 1
		y : 2
		tmp4 : 2
		tmp_5 : 2
		tmp5 : 2
		tmp_6 : 2
		tmp6 : 2
		tmp_8 : 2
		tmp7 : 2
		tmp_10 : 2
	State 6
	State 7


============================================================
+ Verbose Summary: Datapath Resource usage 
============================================================

* Functional unit list:
|----------|-------------------|---------|---------|
| Operation|  Functional Unit  |    FF   |   LUT   |
|----------|-------------------|---------|---------|
|          | x_assign_5_fu_134 |    0    |    8    |
|          |    tmp1_fu_138    |    0    |    8    |
|          |      e_fu_144     |    0    |    8    |
|          |   tmp_1_i_fu_164  |    0    |    8    |
|          |    tmp2_fu_178    |    0    |    8    |
|          | x_assign_1_fu_182 |    0    |    8    |
|          |  tmp_1_i1_fu_201  |    0    |    8    |
|          |  tmp_1_i2_fu_229  |    0    |    8    |
|          |      x_fu_243     |    0    |    8    |
|          |    tmp3_fu_248    |    0    |    8    |
|          | x_assign_3_fu_252 |    0    |    8    |
|          |  tmp_1_i3_fu_271  |    0    |    8    |
|          |  tmp_1_i4_fu_299  |    0    |    8    |
|          |      y_fu_313     |    0    |    8    |
|    xor   |  tmp_1_i5_fu_330  |    0    |    8    |
|          |    tmp4_fu_344    |    0    |    8    |
|          |    tmp_5_fu_350   |    0    |    8    |
|          | x_assign_6_fu_355 |    0    |    8    |
|          |  tmp_1_i6_fu_373  |    0    |    8    |
|          |    tmp5_fu_387    |    0    |    8    |
|          |    tmp_6_fu_393   |    0    |    8    |
|          | x_assign_7_fu_398 |    0    |    8    |
|          |  tmp_1_i7_fu_416  |    0    |    8    |
|          |    tmp6_fu_430    |    0    |    8    |
|          |    tmp_8_fu_436   |    0    |    8    |
|          | x_assign_8_fu_441 |    0    |    8    |
|          |  tmp_1_i8_fu_459  |    0    |    8    |
|          |    tmp7_fu_473    |    0    |    8    |
|          |   tmp_10_fu_479   |    0    |    8    |
|----------|-------------------|---------|---------|
|          |    y_19_fu_170    |    0    |    8    |
|          |     y_4_fu_207    |    0    |    8    |
|          |     y_6_fu_235    |    0    |    8    |
|          |     y_8_fu_277    |    0    |    8    |
|  select  |    y_10_fu_305    |    0    |    8    |
|          |    y_12_fu_336    |    0    |    8    |
|          |    y_14_fu_379    |    0    |    8    |
|          |    y_16_fu_422    |    0    |    8    |
|          |    y_18_fu_465    |    0    |    8    |
|----------|-------------------|---------|---------|
|    add   |     i_1_fu_108    |    0    |    5    |
|----------|-------------------|---------|---------|
|          |     tmp_fu_80     |    0    |    0    |
|          |   tmp_13_fu_156   |    0    |    0    |
|          |   tmp_15_fu_193   |    0    |    0    |
|          |   tmp_17_fu_221   |    0    |    0    |
| bitselect|   tmp_19_fu_263   |    0    |    0    |
|          |   tmp_21_fu_291   |    0    |    0    |
|          |   tmp_23_fu_323   |    0    |    0    |
|          |   tmp_25_fu_365   |    0    |    0    |
|          |   tmp_27_fu_408   |    0    |    0    |
|          |   tmp_29_fu_451   |    0    |    0    |
|----------|-------------------|---------|---------|
|          |    tmp_7_fu_88    |    0    |    0    |
|   zext   |    tmp_s_fu_103   |    0    |    0    |
|          |    tmp_2_fu_119   |    0    |    0    |
|          |    tmp_4_fu_129   |    0    |    0    |
|----------|-------------------|---------|---------|
|   trunc  |    tmp_11_fu_93   |    0    |    0    |
|----------|-------------------|---------|---------|
|          |    tmp_9_fu_97    |    0    |    0    |
|    or    |    tmp_1_fu_114   |    0    |    0    |
|          |    tmp_3_fu_124   |    0    |    0    |
|----------|-------------------|---------|---------|
|          |     y_1_fu_150    |    0    |    0    |
|          |     y_3_fu_187    |    0    |    0    |
|          |     y_5_fu_215    |    0    |    0    |
|          |     y_7_fu_257    |    0    |    0    |
|    shl   |     y_9_fu_285    |    0    |    0    |
|          |    y_11_fu_318    |    0    |    0    |
|          |    y_13_fu_359    |    0    |    0    |
|          |    y_15_fu_402    |    0    |    0    |
|          |    y_17_fu_445    |    0    |    0    |
|----------|-------------------|---------|---------|
|   Total  |                   |    0    |   309   |
|----------|-------------------|---------|---------|

Memories:
N/A

* Register list:
+------------------+--------+
|                  |   FF   |
+------------------+--------+
|     a_reg_508    |    8   |
|     b_reg_516    |    8   |
|buf_addr_1_reg_498|    4   |
|buf_addr_2_reg_524|    4   |
|buf_addr_3_reg_529|    4   |
| buf_addr_reg_487 |    4   |
|     c_reg_534    |    8   |
|     d_reg_542    |    8   |
|     e_reg_556    |    8   |
|    i_1_reg_503   |    5   |
|     i_reg_69     |    5   |
|  tmp_10_reg_583  |    8   |
|  tmp_11_reg_492  |    4   |
|   tmp_5_reg_568  |    8   |
|   tmp_6_reg_573  |    8   |
|   tmp_8_reg_578  |    8   |
|x_assign_5_reg_550|    8   |
|   y_19_reg_562   |    8   |
+------------------+--------+
|       Total      |   118  |
+------------------+--------+

* Multiplexer (MUX) list: 
|------------------|------|------|------|--------||---------||---------|
|       Comp       |  Pin | Size |  BW  | S x BW ||  Delay  ||   LUT   |
|------------------|------|------|------|--------||---------||---------|
| grp_access_fu_37 |  p0  |   4  |   4  |   16   ||    4    |
| grp_access_fu_37 |  p1  |   2  |   8  |   16   ||    8    |
| grp_access_fu_37 |  p3  |   4  |   4  |   16   ||    4    |
| grp_access_fu_37 |  p4  |   2  |   8  |   16   ||    8    |
|------------------|------|------|------|--------||---------||---------|
|       Total      |      |      |      |   64   ||  6.284  ||    24   |
|------------------|------|------|------|--------||---------||---------|



* Summary:
+-----------+--------+--------+--------+
|           |  Delay |   FF   |   LUT  |
+-----------+--------+--------+--------+
|  Function |    -   |    0   |   309  |
|   Memory  |    -   |    -   |    -   |
|Multiplexer|    6   |    -   |   24   |
|  Register |    -   |   118  |    -   |
+-----------+--------+--------+--------+
|   Total   |    6   |   118  |   333  |
+-----------+--------+--------+--------+
